2022/05/24 02:34:27 [notice] 1#1: using the "epoll" event method
2022/05/24 02:34:27 [notice] 1#1: nginx/1.20.2
2022/05/24 02:34:27 [notice] 1#1: built by gcc 10.2.1 20210110 (Debian 10.2.1-6) 
2022/05/24 02:34:27 [notice] 1#1: OS: Linux 5.10.102.1-microsoft-standard-WSL2
2022/05/24 02:34:27 [notice] 1#1: getrlimit(RLIMIT_NOFILE): 1048576:1048576
2022/05/24 02:34:27 [notice] 1#1: start worker processes
2022/05/24 02:34:27 [notice] 1#1: start worker process 31
2022/05/24 02:34:27 [notice] 1#1: start worker process 32
2022/05/24 02:34:27 [notice] 1#1: start worker process 33
2022/05/24 02:34:27 [notice] 1#1: start worker process 34
2022/05/24 02:34:27 [notice] 1#1: start worker process 35
2022/05/24 02:34:27 [notice] 1#1: start worker process 36
2022/05/24 02:34:27 [notice] 1#1: start worker process 37
2022/05/24 02:34:27 [notice] 1#1: start worker process 38
2022/05/24 02:34:27 [notice] 1#1: start worker process 39
2022/05/24 02:34:27 [notice] 1#1: start worker process 40
2022/05/24 02:34:27 [notice] 1#1: start worker process 41
2022/05/24 02:34:27 [notice] 1#1: start worker process 42
2022/05/25 03:16:31 [notice] 1#1: using the "epoll" event method
2022/05/25 03:16:31 [notice] 1#1: nginx/1.20.2
2022/05/25 03:16:31 [notice] 1#1: built by gcc 10.2.1 20210110 (Debian 10.2.1-6) 
2022/05/25 03:16:31 [notice] 1#1: OS: Linux 5.10.102.1-microsoft-standard-WSL2
2022/05/25 03:16:31 [notice] 1#1: getrlimit(RLIMIT_NOFILE): 1048576:1048576
2022/05/25 03:16:31 [notice] 1#1: start worker processes
2022/05/25 03:16:31 [notice] 1#1: start worker process 31
2022/05/25 03:16:31 [notice] 1#1: start worker process 32
2022/05/25 03:16:31 [notice] 1#1: start worker process 33
2022/05/25 03:16:31 [notice] 1#1: start worker process 34
2022/05/25 03:16:31 [notice] 1#1: start worker process 35
2022/05/25 03:16:31 [notice] 1#1: start worker process 36
2022/05/25 03:16:31 [notice] 1#1: start worker process 37
2022/05/25 03:16:31 [notice] 1#1: start worker process 38
2022/05/25 03:16:31 [notice] 1#1: start worker process 39
2022/05/25 03:16:31 [notice] 1#1: start worker process 40
2022/05/25 03:16:31 [notice] 1#1: start worker process 41
2022/05/25 03:16:31 [notice] 1#1: start worker process 42
2022/05/27 03:27:24 [notice] 1#1: using the "epoll" event method
2022/05/27 03:27:24 [notice] 1#1: nginx/1.20.2
2022/05/27 03:27:24 [notice] 1#1: built by gcc 10.2.1 20210110 (Debian 10.2.1-6) 
2022/05/27 03:27:24 [notice] 1#1: OS: Linux 5.10.102.1-microsoft-standard-WSL2
2022/05/27 03:27:24 [notice] 1#1: getrlimit(RLIMIT_NOFILE): 1048576:1048576
2022/05/27 03:27:24 [notice] 1#1: start worker processes
2022/05/27 03:27:24 [notice] 1#1: start worker process 31
2022/05/27 03:27:24 [notice] 1#1: start worker process 32
2022/05/27 03:27:24 [notice] 1#1: start worker process 33
2022/05/27 03:27:24 [notice] 1#1: start worker process 34
2022/05/27 03:27:24 [notice] 1#1: start worker process 35
2022/05/27 03:27:24 [notice] 1#1: start worker process 36
2022/05/27 03:27:24 [notice] 1#1: start worker process 37
2022/05/27 03:27:24 [notice] 1#1: start worker process 38
2022/05/27 03:27:24 [notice] 1#1: start worker process 39
2022/05/27 03:27:24 [notice] 1#1: start worker process 40
2022/05/27 03:27:24 [notice] 1#1: start worker process 41
2022/05/27 03:27:24 [notice] 1#1: start worker process 42
2022/05/29 07:08:26 [notice] 1#1: using the "epoll" event method
2022/05/29 07:08:26 [notice] 1#1: nginx/1.20.2
2022/05/29 07:08:26 [notice] 1#1: built by gcc 10.2.1 20210110 (Debian 10.2.1-6) 
2022/05/29 07:08:26 [notice] 1#1: OS: Linux 5.10.102.1-microsoft-standard-WSL2
2022/05/29 07:08:26 [notice] 1#1: getrlimit(RLIMIT_NOFILE): 1048576:1048576
2022/05/29 07:08:26 [notice] 1#1: start worker processes
2022/05/29 07:08:26 [notice] 1#1: start worker process 31
2022/05/29 07:08:26 [notice] 1#1: start worker process 32
2022/05/29 07:08:26 [notice] 1#1: start worker process 33
2022/05/29 07:08:26 [notice] 1#1: start worker process 34
2022/05/29 07:08:26 [notice] 1#1: start worker process 35
2022/05/29 07:08:26 [notice] 1#1: start worker process 36
2022/05/29 07:08:26 [notice] 1#1: start worker process 37
2022/05/29 07:08:26 [notice] 1#1: start worker process 38
2022/05/29 07:08:26 [notice] 1#1: start worker process 39
2022/05/29 07:08:26 [notice] 1#1: start worker process 40
2022/05/29 07:08:26 [notice] 1#1: start worker process 41
2022/05/29 07:08:26 [notice] 1#1: start worker process 42
2022/05/29 09:06:12 [notice] 1#1: using the "epoll" event method
2022/05/29 09:06:12 [notice] 1#1: nginx/1.20.2
2022/05/29 09:06:12 [notice] 1#1: built by gcc 10.2.1 20210110 (Debian 10.2.1-6) 
2022/05/29 09:06:12 [notice] 1#1: OS: Linux 5.10.102.1-microsoft-standard-WSL2
2022/05/29 09:06:12 [notice] 1#1: getrlimit(RLIMIT_NOFILE): 1048576:1048576
2022/05/29 09:06:12 [notice] 1#1: start worker processes
2022/05/29 09:06:12 [notice] 1#1: start worker process 30
2022/05/29 09:06:12 [notice] 1#1: start worker process 31
2022/05/29 09:06:12 [notice] 1#1: start worker process 32
2022/05/29 09:06:12 [notice] 1#1: start worker process 33
2022/05/29 09:06:12 [notice] 1#1: start worker process 34
2022/05/29 09:06:12 [notice] 1#1: start worker process 35
2022/05/29 09:06:12 [notice] 1#1: start worker process 36
2022/05/29 09:06:12 [notice] 1#1: start worker process 37
2022/05/29 09:06:12 [notice] 1#1: start worker process 38
2022/05/29 09:06:12 [notice] 1#1: start worker process 39
2022/05/29 09:06:12 [notice] 1#1: start worker process 40
2022/05/29 09:06:12 [notice] 1#1: start worker process 41
2022/05/30 02:59:44 [notice] 1#1: using the "epoll" event method
2022/05/30 02:59:44 [notice] 1#1: nginx/1.20.2
2022/05/30 02:59:44 [notice] 1#1: built by gcc 10.2.1 20210110 (Debian 10.2.1-6) 
2022/05/30 02:59:44 [notice] 1#1: OS: Linux 5.10.102.1-microsoft-standard-WSL2
2022/05/30 02:59:44 [notice] 1#1: getrlimit(RLIMIT_NOFILE): 1048576:1048576
2022/05/30 02:59:44 [notice] 1#1: start worker processes
2022/05/30 02:59:44 [notice] 1#1: start worker process 30
2022/05/30 02:59:44 [notice] 1#1: start worker process 31
2022/05/30 02:59:44 [notice] 1#1: start worker process 32
2022/05/30 02:59:44 [notice] 1#1: start worker process 33
2022/05/30 02:59:44 [notice] 1#1: start worker process 34
2022/05/30 02:59:44 [notice] 1#1: start worker process 35
2022/05/30 02:59:44 [notice] 1#1: start worker process 36
2022/05/30 02:59:44 [notice] 1#1: start worker process 37
2022/05/30 02:59:44 [notice] 1#1: start worker process 38
2022/05/30 02:59:44 [notice] 1#1: start worker process 39
2022/05/30 02:59:44 [notice] 1#1: start worker process 40
2022/05/30 02:59:44 [notice] 1#1: start worker process 41
2022/05/31 03:31:42 [notice] 1#1: using the "epoll" event method
2022/05/31 03:31:42 [notice] 1#1: nginx/1.20.2
2022/05/31 03:31:42 [notice] 1#1: built by gcc 10.2.1 20210110 (Debian 10.2.1-6) 
2022/05/31 03:31:42 [notice] 1#1: OS: Linux 5.10.102.1-microsoft-standard-WSL2
2022/05/31 03:31:42 [notice] 1#1: getrlimit(RLIMIT_NOFILE): 1048576:1048576
2022/05/31 03:31:42 [notice] 1#1: start worker processes
2022/05/31 03:31:42 [notice] 1#1: start worker process 31
2022/05/31 03:31:42 [notice] 1#1: start worker process 32
2022/05/31 03:31:42 [notice] 1#1: start worker process 33
2022/05/31 03:31:42 [notice] 1#1: start worker process 34
2022/05/31 03:31:42 [notice] 1#1: start worker process 35
2022/05/31 03:31:42 [notice] 1#1: start worker process 36
2022/05/31 03:31:42 [notice] 1#1: start worker process 37
2022/05/31 03:31:42 [notice] 1#1: start worker process 38
2022/05/31 03:31:42 [notice] 1#1: start worker process 39
2022/05/31 03:31:42 [notice] 1#1: start worker process 40
2022/05/31 03:31:42 [notice] 1#1: start worker process 41
2022/05/31 03:31:42 [notice] 1#1: start worker process 42
2022/05/31 04:29:26 [notice] 1#1: signal 3 (SIGQUIT) received, shutting down
2022/05/31 04:29:26 [notice] 31#31: gracefully shutting down
2022/05/31 04:29:26 [notice] 41#41: gracefully shutting down
2022/05/31 04:29:26 [notice] 32#32: gracefully shutting down
2022/05/31 04:29:26 [notice] 33#33: gracefully shutting down
2022/05/31 04:29:26 [notice] 34#34: gracefully shutting down
2022/05/31 04:29:26 [notice] 35#35: gracefully shutting down
2022/05/31 04:29:26 [notice] 36#36: gracefully shutting down
2022/05/31 04:29:26 [notice] 37#37: gracefully shutting down
2022/05/31 04:29:26 [notice] 38#38: gracefully shutting down
2022/05/31 04:29:26 [notice] 39#39: gracefully shutting down
2022/05/31 04:29:26 [notice] 40#40: gracefully shutting down
2022/05/31 04:29:26 [notice] 42#42: gracefully shutting down
2022/05/31 04:29:26 [notice] 31#31: exiting
2022/05/31 04:29:26 [notice] 41#41: exiting
2022/05/31 04:29:26 [notice] 32#32: exiting
2022/05/31 04:29:26 [notice] 33#33: exiting
2022/05/31 04:29:26 [notice] 34#34: exiting
2022/05/31 04:29:26 [notice] 35#35: exiting
2022/05/31 04:29:26 [notice] 36#36: exiting
2022/05/31 04:29:26 [notice] 37#37: exiting
2022/05/31 04:29:26 [notice] 38#38: exiting
2022/05/31 04:29:26 [notice] 39#39: exiting
2022/05/31 04:29:26 [notice] 40#40: exiting
2022/05/31 04:29:26 [notice] 42#42: exiting
2022/05/31 04:29:26 [notice] 31#31: exit
2022/05/31 04:29:26 [notice] 41#41: exit
2022/05/31 04:29:26 [notice] 32#32: exit
2022/05/31 04:29:26 [notice] 33#33: exit
2022/05/31 04:29:26 [notice] 34#34: exit
2022/05/31 04:29:26 [notice] 35#35: exit
2022/05/31 04:29:26 [notice] 36#36: exit
2022/05/31 04:29:26 [notice] 37#37: exit
2022/05/31 04:29:26 [notice] 38#38: exit
2022/05/31 04:29:26 [notice] 39#39: exit
2022/05/31 04:29:26 [notice] 40#40: exit
2022/05/31 04:29:26 [notice] 42#42: exit
2022/05/31 04:29:26 [notice] 1#1: signal 17 (SIGCHLD) received from 41
2022/05/31 04:29:26 [notice] 1#1: worker process 32 exited with code 0
2022/05/31 04:29:26 [notice] 1#1: worker process 33 exited with code 0
2022/05/31 04:29:26 [notice] 1#1: worker process 36 exited with code 0
2022/05/31 04:29:26 [notice] 1#1: worker process 38 exited with code 0
2022/05/31 04:29:26 [notice] 1#1: worker process 39 exited with code 0
2022/05/31 04:29:26 [notice] 1#1: worker process 41 exited with code 0
2022/05/31 04:29:26 [notice] 1#1: signal 29 (SIGIO) received
2022/05/31 04:29:26 [notice] 1#1: signal 17 (SIGCHLD) received from 39
2022/05/31 04:29:26 [notice] 1#1: signal 17 (SIGCHLD) received from 35
2022/05/31 04:29:26 [notice] 1#1: worker process 35 exited with code 0
2022/05/31 04:29:26 [notice] 1#1: worker process 42 exited with code 0
2022/05/31 04:29:26 [notice] 1#1: signal 29 (SIGIO) received
2022/05/31 04:29:26 [notice] 1#1: signal 17 (SIGCHLD) received from 34
2022/05/31 04:29:26 [notice] 1#1: worker process 31 exited with code 0
2022/05/31 04:29:26 [notice] 1#1: worker process 34 exited with code 0
2022/05/31 04:29:26 [notice] 1#1: worker process 40 exited with code 0
2022/05/31 04:29:26 [notice] 1#1: signal 29 (SIGIO) received
2022/05/31 04:29:26 [notice] 1#1: signal 17 (SIGCHLD) received from 37
2022/05/31 04:29:26 [notice] 1#1: worker process 37 exited with code 0
2022/05/31 04:29:26 [notice] 1#1: exit
2022/05/31 04:29:42 [notice] 1#1: using the "epoll" event method
2022/05/31 04:29:42 [notice] 1#1: nginx/1.20.2
2022/05/31 04:29:42 [notice] 1#1: built by gcc 10.2.1 20210110 (Debian 10.2.1-6) 
2022/05/31 04:29:42 [notice] 1#1: OS: Linux 5.10.102.1-microsoft-standard-WSL2
2022/05/31 04:29:42 [notice] 1#1: getrlimit(RLIMIT_NOFILE): 1048576:1048576
2022/05/31 04:29:42 [notice] 1#1: start worker processes
2022/05/31 04:29:42 [notice] 1#1: start worker process 30
2022/05/31 04:29:42 [notice] 1#1: start worker process 31
2022/05/31 04:29:42 [notice] 1#1: start worker process 32
2022/05/31 04:29:42 [notice] 1#1: start worker process 33
2022/05/31 04:29:42 [notice] 1#1: start worker process 34
2022/05/31 04:29:42 [notice] 1#1: start worker process 35
2022/05/31 04:29:42 [notice] 1#1: start worker process 36
2022/05/31 04:29:42 [notice] 1#1: start worker process 37
2022/05/31 04:29:42 [notice] 1#1: start worker process 38
2022/05/31 04:29:42 [notice] 1#1: start worker process 39
2022/05/31 04:29:42 [notice] 1#1: start worker process 40
2022/05/31 04:29:42 [notice] 1#1: start worker process 41
2022/05/31 04:31:00 [notice] 1#1: signal 3 (SIGQUIT) received, shutting down
2022/05/31 04:31:00 [notice] 30#30: gracefully shutting down
2022/05/31 04:31:00 [notice] 37#37: gracefully shutting down
2022/05/31 04:31:00 [notice] 31#31: gracefully shutting down
2022/05/31 04:31:00 [notice] 32#32: gracefully shutting down
2022/05/31 04:31:00 [notice] 33#33: gracefully shutting down
2022/05/31 04:31:00 [notice] 34#34: gracefully shutting down
2022/05/31 04:31:00 [notice] 35#35: gracefully shutting down
2022/05/31 04:31:00 [notice] 36#36: gracefully shutting down
2022/05/31 04:31:00 [notice] 38#38: gracefully shutting down
2022/05/31 04:31:00 [notice] 30#30: exiting
2022/05/31 04:31:00 [notice] 39#39: gracefully shutting down
2022/05/31 04:31:00 [notice] 40#40: gracefully shutting down
2022/05/31 04:31:00 [notice] 41#41: gracefully shutting down
2022/05/31 04:31:00 [notice] 37#37: exiting
2022/05/31 04:31:00 [notice] 31#31: exiting
2022/05/31 04:31:00 [notice] 32#32: exiting
2022/05/31 04:31:00 [notice] 33#33: exiting
2022/05/31 04:31:00 [notice] 34#34: exiting
2022/05/31 04:31:00 [notice] 35#35: exiting
2022/05/31 04:31:00 [notice] 36#36: exiting
2022/05/31 04:31:00 [notice] 38#38: exiting
2022/05/31 04:31:00 [notice] 30#30: exit
2022/05/31 04:31:00 [notice] 39#39: exiting
2022/05/31 04:31:00 [notice] 40#40: exiting
2022/05/31 04:31:00 [notice] 41#41: exiting
2022/05/31 04:31:00 [notice] 37#37: exit
2022/05/31 04:31:00 [notice] 31#31: exit
2022/05/31 04:31:00 [notice] 32#32: exit
2022/05/31 04:31:00 [notice] 33#33: exit
2022/05/31 04:31:00 [notice] 34#34: exit
2022/05/31 04:31:00 [notice] 35#35: exit
2022/05/31 04:31:00 [notice] 36#36: exit
2022/05/31 04:31:00 [notice] 38#38: exit
2022/05/31 04:31:00 [notice] 39#39: exit
2022/05/31 04:31:00 [notice] 40#40: exit
2022/05/31 04:31:00 [notice] 41#41: exit
2022/05/31 04:31:00 [notice] 1#1: signal 17 (SIGCHLD) received from 32
2022/05/31 04:31:00 [notice] 1#1: worker process 32 exited with code 0
2022/05/31 04:31:00 [notice] 1#1: signal 29 (SIGIO) received
2022/05/31 04:31:00 [notice] 1#1: signal 17 (SIGCHLD) received from 30
2022/05/31 04:31:00 [notice] 1#1: worker process 30 exited with code 0
2022/05/31 04:31:00 [notice] 1#1: worker process 35 exited with code 0
2022/05/31 04:31:00 [notice] 1#1: signal 29 (SIGIO) received
2022/05/31 04:31:00 [notice] 1#1: signal 17 (SIGCHLD) received from 36
2022/05/31 04:31:00 [notice] 1#1: worker process 31 exited with code 0
2022/05/31 04:31:00 [notice] 1#1: worker process 33 exited with code 0
2022/05/31 04:31:00 [notice] 1#1: worker process 36 exited with code 0
2022/05/31 04:31:00 [notice] 1#1: worker process 37 exited with code 0
2022/05/31 04:31:00 [notice] 1#1: worker process 39 exited with code 0
2022/05/31 04:31:00 [notice] 1#1: worker process 40 exited with code 0
2022/05/31 04:31:00 [notice] 1#1: worker process 41 exited with code 0
2022/05/31 04:31:00 [notice] 1#1: signal 29 (SIGIO) received
2022/05/31 04:31:00 [notice] 1#1: signal 17 (SIGCHLD) received from 41
2022/05/31 04:31:00 [notice] 1#1: signal 17 (SIGCHLD) received from 34
2022/05/31 04:31:00 [notice] 1#1: worker process 34 exited with code 0
2022/05/31 04:31:00 [notice] 1#1: worker process 38 exited with code 0
2022/05/31 04:31:00 [notice] 1#1: exit
2022/05/31 04:31:22 [notice] 1#1: using the "epoll" event method
2022/05/31 04:31:22 [notice] 1#1: nginx/1.20.2
2022/05/31 04:31:22 [notice] 1#1: built by gcc 10.2.1 20210110 (Debian 10.2.1-6) 
2022/05/31 04:31:22 [notice] 1#1: OS: Linux 5.10.102.1-microsoft-standard-WSL2
2022/05/31 04:31:22 [notice] 1#1: getrlimit(RLIMIT_NOFILE): 1048576:1048576
2022/05/31 04:31:22 [notice] 1#1: start worker processes
2022/05/31 04:31:22 [notice] 1#1: start worker process 30
2022/05/31 04:31:22 [notice] 1#1: start worker process 31
2022/05/31 04:31:22 [notice] 1#1: start worker process 32
2022/05/31 04:31:22 [notice] 1#1: start worker process 33
2022/05/31 04:31:22 [notice] 1#1: start worker process 34
2022/05/31 04:31:22 [notice] 1#1: start worker process 35
2022/05/31 04:31:22 [notice] 1#1: start worker process 36
2022/05/31 04:31:22 [notice] 1#1: start worker process 37
2022/05/31 04:31:22 [notice] 1#1: start worker process 38
2022/05/31 04:31:22 [notice] 1#1: start worker process 39
2022/05/31 04:31:22 [notice] 1#1: start worker process 40
2022/05/31 04:31:22 [notice] 1#1: start worker process 41
2022/05/31 04:36:47 [notice] 1#1: signal 3 (SIGQUIT) received, shutting down
2022/05/31 04:36:47 [notice] 30#30: gracefully shutting down
2022/05/31 04:36:47 [notice] 39#39: gracefully shutting down
2022/05/31 04:36:47 [notice] 31#31: gracefully shutting down
2022/05/31 04:36:47 [notice] 32#32: gracefully shutting down
2022/05/31 04:36:47 [notice] 32#32: exiting
2022/05/31 04:36:47 [notice] 33#33: gracefully shutting down
2022/05/31 04:36:47 [notice] 34#34: gracefully shutting down
2022/05/31 04:36:47 [notice] 35#35: gracefully shutting down
2022/05/31 04:36:47 [notice] 36#36: gracefully shutting down
2022/05/31 04:36:47 [notice] 38#38: gracefully shutting down
2022/05/31 04:36:47 [notice] 38#38: exiting
2022/05/31 04:36:47 [notice] 37#37: gracefully shutting down
2022/05/31 04:36:47 [notice] 37#37: exiting
2022/05/31 04:36:47 [notice] 40#40: gracefully shutting down
2022/05/31 04:36:47 [notice] 40#40: exiting
2022/05/31 04:36:47 [notice] 41#41: gracefully shutting down
2022/05/31 04:36:47 [notice] 30#30: exiting
2022/05/31 04:36:47 [notice] 39#39: exiting
2022/05/31 04:36:47 [notice] 31#31: exiting
2022/05/31 04:36:47 [notice] 32#32: exit
2022/05/31 04:36:47 [notice] 33#33: exiting
2022/05/31 04:36:47 [notice] 34#34: exiting
2022/05/31 04:36:47 [notice] 35#35: exiting
2022/05/31 04:36:47 [notice] 36#36: exiting
2022/05/31 04:36:47 [notice] 38#38: exit
2022/05/31 04:36:47 [notice] 37#37: exit
2022/05/31 04:36:47 [notice] 40#40: exit
2022/05/31 04:36:47 [notice] 41#41: exiting
2022/05/31 04:36:47 [notice] 30#30: exit
2022/05/31 04:36:47 [notice] 39#39: exit
2022/05/31 04:36:47 [notice] 31#31: exit
2022/05/31 04:36:47 [notice] 33#33: exit
2022/05/31 04:36:47 [notice] 34#34: exit
2022/05/31 04:36:47 [notice] 35#35: exit
2022/05/31 04:36:47 [notice] 36#36: exit
2022/05/31 04:36:47 [notice] 41#41: exit
2022/05/31 04:36:47 [notice] 1#1: signal 17 (SIGCHLD) received from 38
2022/05/31 04:36:47 [notice] 1#1: worker process 32 exited with code 0
2022/05/31 04:36:47 [notice] 1#1: worker process 37 exited with code 0
2022/05/31 04:36:47 [notice] 1#1: worker process 38 exited with code 0
2022/05/31 04:36:47 [notice] 1#1: worker process 40 exited with code 0
2022/05/31 04:36:47 [notice] 1#1: signal 29 (SIGIO) received
2022/05/31 04:36:47 [notice] 1#1: signal 17 (SIGCHLD) received from 40
2022/05/31 04:36:47 [notice] 1#1: signal 17 (SIGCHLD) received from 39
2022/05/31 04:36:47 [notice] 1#1: worker process 30 exited with code 0
2022/05/31 04:36:47 [notice] 1#1: worker process 31 exited with code 0
2022/05/31 04:36:47 [notice] 1#1: worker process 33 exited with code 0
2022/05/31 04:36:47 [notice] 1#1: worker process 34 exited with code 0
2022/05/31 04:36:47 [notice] 1#1: worker process 35 exited with code 0
2022/05/31 04:36:47 [notice] 1#1: worker process 36 exited with code 0
2022/05/31 04:36:47 [notice] 1#1: worker process 39 exited with code 0
2022/05/31 04:36:47 [notice] 1#1: worker process 41 exited with code 0
2022/05/31 04:36:47 [notice] 1#1: exit
2022/05/31 04:36:49 [notice] 1#1: using the "epoll" event method
2022/05/31 04:36:49 [notice] 1#1: nginx/1.20.2
2022/05/31 04:36:49 [notice] 1#1: built by gcc 10.2.1 20210110 (Debian 10.2.1-6) 
2022/05/31 04:36:49 [notice] 1#1: OS: Linux 5.10.102.1-microsoft-standard-WSL2
2022/05/31 04:36:49 [notice] 1#1: getrlimit(RLIMIT_NOFILE): 1048576:1048576
2022/05/31 04:36:49 [notice] 1#1: start worker processes
2022/05/31 04:36:49 [notice] 1#1: start worker process 31
2022/05/31 04:36:49 [notice] 1#1: start worker process 32
2022/05/31 04:36:49 [notice] 1#1: start worker process 33
2022/05/31 04:36:49 [notice] 1#1: start worker process 34
2022/05/31 04:36:49 [notice] 1#1: start worker process 35
2022/05/31 04:36:49 [notice] 1#1: start worker process 36
2022/05/31 04:36:49 [notice] 1#1: start worker process 37
2022/05/31 04:36:49 [notice] 1#1: start worker process 38
2022/05/31 04:36:49 [notice] 1#1: start worker process 39
2022/05/31 04:36:49 [notice] 1#1: start worker process 40
2022/05/31 04:36:49 [notice] 1#1: start worker process 41
2022/05/31 04:36:49 [notice] 1#1: start worker process 42
2022/05/31 04:45:20 [notice] 1#1: signal 3 (SIGQUIT) received, shutting down
2022/05/31 04:45:20 [notice] 31#31: gracefully shutting down
2022/05/31 04:45:20 [notice] 38#38: gracefully shutting down
2022/05/31 04:45:20 [notice] 32#32: gracefully shutting down
2022/05/31 04:45:20 [notice] 34#34: gracefully shutting down
2022/05/31 04:45:20 [notice] 33#33: gracefully shutting down
2022/05/31 04:45:20 [notice] 33#33: exiting
2022/05/31 04:45:20 [notice] 35#35: gracefully shutting down
2022/05/31 04:45:20 [notice] 37#37: gracefully shutting down
2022/05/31 04:45:20 [notice] 37#37: exiting
2022/05/31 04:45:20 [notice] 36#36: gracefully shutting down
2022/05/31 04:45:20 [notice] 36#36: exiting
2022/05/31 04:45:20 [notice] 39#39: gracefully shutting down
2022/05/31 04:45:20 [notice] 31#31: exiting
2022/05/31 04:45:20 [notice] 40#40: gracefully shutting down
2022/05/31 04:45:20 [notice] 40#40: exiting
2022/05/31 04:45:20 [notice] 41#41: gracefully shutting down
2022/05/31 04:45:20 [notice] 41#41: exiting
2022/05/31 04:45:20 [notice] 42#42: gracefully shutting down
2022/05/31 04:45:20 [notice] 38#38: exiting
2022/05/31 04:45:20 [notice] 32#32: exiting
2022/05/31 04:45:20 [notice] 34#34: exiting
2022/05/31 04:45:20 [notice] 33#33: exit
2022/05/31 04:45:20 [notice] 35#35: exiting
2022/05/31 04:45:20 [notice] 37#37: exit
2022/05/31 04:45:20 [notice] 36#36: exit
2022/05/31 04:45:20 [notice] 39#39: exiting
2022/05/31 04:45:20 [notice] 31#31: exit
2022/05/31 04:45:20 [notice] 40#40: exit
2022/05/31 04:45:20 [notice] 41#41: exit
2022/05/31 04:45:20 [notice] 42#42: exiting
2022/05/31 04:45:20 [notice] 38#38: exit
2022/05/31 04:45:20 [notice] 32#32: exit
2022/05/31 04:45:20 [notice] 34#34: exit
2022/05/31 04:45:20 [notice] 35#35: exit
2022/05/31 04:45:20 [notice] 39#39: exit
2022/05/31 04:45:20 [notice] 42#42: exit
2022/05/31 04:45:20 [notice] 1#1: signal 17 (SIGCHLD) received from 34
2022/05/31 04:45:20 [notice] 1#1: worker process 34 exited with code 0
2022/05/31 04:45:20 [notice] 1#1: signal 29 (SIGIO) received
2022/05/31 04:45:20 [notice] 1#1: signal 17 (SIGCHLD) received from 37
2022/05/31 04:45:20 [notice] 1#1: worker process 32 exited with code 0
2022/05/31 04:45:20 [notice] 1#1: worker process 37 exited with code 0
2022/05/31 04:45:20 [notice] 1#1: signal 29 (SIGIO) received
2022/05/31 04:45:20 [notice] 1#1: signal 17 (SIGCHLD) received from 40
2022/05/31 04:45:20 [notice] 1#1: worker process 40 exited with code 0
2022/05/31 04:45:20 [notice] 1#1: signal 29 (SIGIO) received
2022/05/31 04:45:20 [notice] 1#1: signal 17 (SIGCHLD) received from 33
2022/05/31 04:45:20 [notice] 1#1: worker process 31 exited with code 0
2022/05/31 04:45:20 [notice] 1#1: worker process 33 exited with code 0
2022/05/31 04:45:20 [notice] 1#1: worker process 35 exited with code 0
2022/05/31 04:45:20 [notice] 1#1: worker process 36 exited with code 0
2022/05/31 04:45:20 [notice] 1#1: worker process 38 exited with code 0
2022/05/31 04:45:20 [notice] 1#1: worker process 42 exited with code 0
2022/05/31 04:45:20 [notice] 1#1: signal 29 (SIGIO) received
2022/05/31 04:45:20 [notice] 1#1: signal 17 (SIGCHLD) received from 36
2022/05/31 04:45:20 [notice] 1#1: signal 17 (SIGCHLD) received from 39
2022/05/31 04:45:20 [notice] 1#1: worker process 39 exited with code 0
2022/05/31 04:45:20 [notice] 1#1: signal 29 (SIGIO) received
2022/05/31 04:45:20 [notice] 1#1: signal 17 (SIGCHLD) received from 41
2022/05/31 04:45:20 [notice] 1#1: worker process 41 exited with code 0
2022/05/31 04:45:20 [notice] 1#1: exit
2022/05/31 04:45:35 [notice] 1#1: using the "epoll" event method
2022/05/31 04:45:35 [notice] 1#1: nginx/1.20.2
2022/05/31 04:45:35 [notice] 1#1: built by gcc 10.2.1 20210110 (Debian 10.2.1-6) 
2022/05/31 04:45:35 [notice] 1#1: OS: Linux 5.10.102.1-microsoft-standard-WSL2
2022/05/31 04:45:35 [notice] 1#1: getrlimit(RLIMIT_NOFILE): 1048576:1048576
2022/05/31 04:45:35 [notice] 1#1: start worker processes
2022/05/31 04:45:35 [notice] 1#1: start worker process 31
2022/05/31 04:45:35 [notice] 1#1: start worker process 32
2022/05/31 04:45:35 [notice] 1#1: start worker process 33
2022/05/31 04:45:35 [notice] 1#1: start worker process 34
2022/05/31 04:45:35 [notice] 1#1: start worker process 35
2022/05/31 04:45:35 [notice] 1#1: start worker process 36
2022/05/31 04:45:35 [notice] 1#1: start worker process 37
2022/05/31 04:45:35 [notice] 1#1: start worker process 38
2022/05/31 04:45:35 [notice] 1#1: start worker process 39
2022/05/31 04:45:35 [notice] 1#1: start worker process 40
2022/05/31 04:45:35 [notice] 1#1: start worker process 41
2022/05/31 04:45:35 [notice] 1#1: start worker process 42
2022/05/31 09:33:29 [notice] 1#1: signal 3 (SIGQUIT) received, shutting down
2022/05/31 09:33:29 [notice] 31#31: gracefully shutting down
2022/05/31 09:33:29 [notice] 42#42: gracefully shutting down
2022/05/31 09:33:29 [notice] 32#32: gracefully shutting down
2022/05/31 09:33:29 [notice] 33#33: gracefully shutting down
2022/05/31 09:33:29 [notice] 34#34: gracefully shutting down
2022/05/31 09:33:29 [notice] 35#35: gracefully shutting down
2022/05/31 09:33:29 [notice] 37#37: gracefully shutting down
2022/05/31 09:33:29 [notice] 38#38: gracefully shutting down
2022/05/31 09:33:29 [notice] 39#39: gracefully shutting down
2022/05/31 09:33:29 [notice] 36#36: gracefully shutting down
2022/05/31 09:33:29 [notice] 40#40: gracefully shutting down
2022/05/31 09:33:29 [notice] 41#41: gracefully shutting down
2022/05/31 09:33:29 [notice] 31#31: exiting
2022/05/31 09:33:29 [notice] 42#42: exiting
2022/05/31 09:33:29 [notice] 32#32: exiting
2022/05/31 09:33:29 [notice] 33#33: exiting
2022/05/31 09:33:29 [notice] 34#34: exiting
2022/05/31 09:33:29 [notice] 35#35: exiting
2022/05/31 09:33:29 [notice] 37#37: exiting
2022/05/31 09:33:29 [notice] 38#38: exiting
2022/05/31 09:33:29 [notice] 39#39: exiting
2022/05/31 09:33:29 [notice] 36#36: exiting
2022/05/31 09:33:29 [notice] 40#40: exiting
2022/05/31 09:33:29 [notice] 41#41: exiting
2022/05/31 09:33:29 [notice] 31#31: exit
2022/05/31 09:33:29 [notice] 42#42: exit
2022/05/31 09:33:29 [notice] 32#32: exit
2022/05/31 09:33:29 [notice] 33#33: exit
2022/05/31 09:33:29 [notice] 34#34: exit
2022/05/31 09:33:29 [notice] 35#35: exit
2022/05/31 09:33:29 [notice] 37#37: exit
2022/05/31 09:33:29 [notice] 38#38: exit
2022/05/31 09:33:29 [notice] 39#39: exit
2022/05/31 09:33:29 [notice] 36#36: exit
2022/05/31 09:33:29 [notice] 40#40: exit
2022/05/31 09:33:29 [notice] 41#41: exit
2022/05/31 09:33:29 [notice] 1#1: signal 17 (SIGCHLD) received from 33
2022/05/31 09:33:29 [notice] 1#1: worker process 33 exited with code 0
2022/05/31 09:33:29 [notice] 1#1: worker process 40 exited with code 0
2022/05/31 09:33:29 [notice] 1#1: signal 29 (SIGIO) received
2022/05/31 09:33:29 [notice] 1#1: signal 17 (SIGCHLD) received from 31
2022/05/31 09:33:29 [notice] 1#1: worker process 31 exited with code 0
2022/05/31 09:33:29 [notice] 1#1: worker process 32 exited with code 0
2022/05/31 09:33:29 [notice] 1#1: worker process 34 exited with code 0
2022/05/31 09:33:29 [notice] 1#1: worker process 37 exited with code 0
2022/05/31 09:33:29 [notice] 1#1: worker process 38 exited with code 0
2022/05/31 09:33:29 [notice] 1#1: worker process 41 exited with code 0
2022/05/31 09:33:29 [notice] 1#1: worker process 42 exited with code 0
2022/05/31 09:33:29 [notice] 1#1: signal 29 (SIGIO) received
2022/05/31 09:33:29 [notice] 1#1: signal 17 (SIGCHLD) received from 34
2022/05/31 09:33:29 [notice] 1#1: signal 17 (SIGCHLD) received from 39
2022/05/31 09:33:29 [notice] 1#1: worker process 39 exited with code 0
2022/05/31 09:33:29 [notice] 1#1: signal 29 (SIGIO) received
2022/05/31 09:33:29 [notice] 1#1: signal 17 (SIGCHLD) received from 35
2022/05/31 09:33:29 [notice] 1#1: worker process 35 exited with code 0
2022/05/31 09:33:29 [notice] 1#1: signal 29 (SIGIO) received
2022/05/31 09:33:29 [notice] 1#1: signal 17 (SIGCHLD) received from 36
2022/05/31 09:33:29 [notice] 1#1: worker process 36 exited with code 0
2022/05/31 09:33:29 [notice] 1#1: exit
2022/05/31 09:33:41 [notice] 1#1: using the "epoll" event method
2022/05/31 09:33:41 [notice] 1#1: nginx/1.20.2
2022/05/31 09:33:41 [notice] 1#1: built by gcc 10.2.1 20210110 (Debian 10.2.1-6) 
2022/05/31 09:33:41 [notice] 1#1: OS: Linux 5.10.102.1-microsoft-standard-WSL2
2022/05/31 09:33:41 [notice] 1#1: getrlimit(RLIMIT_NOFILE): 1048576:1048576
2022/05/31 09:33:41 [notice] 1#1: start worker processes
2022/05/31 09:33:41 [notice] 1#1: start worker process 30
2022/05/31 09:33:41 [notice] 1#1: start worker process 31
2022/05/31 09:33:41 [notice] 1#1: start worker process 32
2022/05/31 09:33:41 [notice] 1#1: start worker process 33
2022/05/31 09:33:41 [notice] 1#1: start worker process 34
2022/05/31 09:33:41 [notice] 1#1: start worker process 35
2022/05/31 09:33:41 [notice] 1#1: start worker process 36
2022/05/31 09:33:41 [notice] 1#1: start worker process 37
2022/05/31 09:33:41 [notice] 1#1: start worker process 38
2022/05/31 09:33:41 [notice] 1#1: start worker process 39
2022/05/31 09:33:41 [notice] 1#1: start worker process 40
2022/05/31 09:33:41 [notice] 1#1: start worker process 41
2022/05/31 10:31:26 [notice] 1#1: signal 3 (SIGQUIT) received, shutting down
2022/05/31 10:31:26 [notice] 30#30: gracefully shutting down
2022/05/31 10:31:26 [notice] 41#41: gracefully shutting down
2022/05/31 10:31:26 [notice] 31#31: gracefully shutting down
2022/05/31 10:31:26 [notice] 32#32: gracefully shutting down
2022/05/31 10:31:26 [notice] 33#33: gracefully shutting down
2022/05/31 10:31:26 [notice] 34#34: gracefully shutting down
2022/05/31 10:31:26 [notice] 35#35: gracefully shutting down
2022/05/31 10:31:26 [notice] 36#36: gracefully shutting down
2022/05/31 10:31:26 [notice] 37#37: gracefully shutting down
2022/05/31 10:31:26 [notice] 38#38: gracefully shutting down
2022/05/31 10:31:26 [notice] 39#39: gracefully shutting down
2022/05/31 10:31:26 [notice] 40#40: gracefully shutting down
2022/05/31 10:31:26 [notice] 30#30: exiting
2022/05/31 10:31:26 [notice] 41#41: exiting
2022/05/31 10:31:26 [notice] 41#41: exit
2022/05/31 10:31:26 [notice] 31#31: exiting
2022/05/31 10:31:26 [notice] 32#32: exiting
2022/05/31 10:31:26 [notice] 33#33: exiting
2022/05/31 10:31:26 [notice] 34#34: exiting
2022/05/31 10:31:26 [notice] 35#35: exiting
2022/05/31 10:31:26 [notice] 36#36: exiting
2022/05/31 10:31:26 [notice] 37#37: exiting
2022/05/31 10:31:26 [notice] 38#38: exiting
2022/05/31 10:31:26 [notice] 39#39: exiting
2022/05/31 10:31:26 [notice] 40#40: exiting
2022/05/31 10:31:26 [notice] 30#30: exit
2022/05/31 10:31:26 [notice] 31#31: exit
2022/05/31 10:31:26 [notice] 32#32: exit
2022/05/31 10:31:26 [notice] 33#33: exit
2022/05/31 10:31:26 [notice] 34#34: exit
2022/05/31 10:31:26 [notice] 35#35: exit
2022/05/31 10:31:26 [notice] 36#36: exit
2022/05/31 10:31:26 [notice] 37#37: exit
2022/05/31 10:31:26 [notice] 38#38: exit
2022/05/31 10:31:26 [notice] 39#39: exit
2022/05/31 10:31:26 [notice] 40#40: exit
2022/05/31 10:31:27 [notice] 1#1: signal 17 (SIGCHLD) received from 34
2022/05/31 10:31:27 [notice] 1#1: worker process 30 exited with code 0
2022/05/31 10:31:27 [notice] 1#1: worker process 33 exited with code 0
2022/05/31 10:31:27 [notice] 1#1: worker process 34 exited with code 0
2022/05/31 10:31:27 [notice] 1#1: worker process 35 exited with code 0
2022/05/31 10:31:27 [notice] 1#1: worker process 37 exited with code 0
2022/05/31 10:31:27 [notice] 1#1: worker process 41 exited with code 0
2022/05/31 10:31:27 [notice] 1#1: signal 29 (SIGIO) received
2022/05/31 10:31:27 [notice] 1#1: signal 17 (SIGCHLD) received from 30
2022/05/31 10:31:27 [notice] 1#1: signal 17 (SIGCHLD) received from 40
2022/05/31 10:31:27 [notice] 1#1: worker process 31 exited with code 0
2022/05/31 10:31:27 [notice] 1#1: worker process 39 exited with code 0
2022/05/31 10:31:27 [notice] 1#1: worker process 40 exited with code 0
2022/05/31 10:31:27 [notice] 1#1: signal 29 (SIGIO) received
2022/05/31 10:31:27 [notice] 1#1: signal 17 (SIGCHLD) received from 31
2022/05/31 10:31:27 [notice] 1#1: signal 17 (SIGCHLD) received from 38
2022/05/31 10:31:27 [notice] 1#1: worker process 32 exited with code 0
2022/05/31 10:31:27 [notice] 1#1: worker process 38 exited with code 0
2022/05/31 10:31:27 [notice] 1#1: signal 29 (SIGIO) received
2022/05/31 10:31:27 [notice] 1#1: signal 17 (SIGCHLD) received from 36
2022/05/31 10:31:27 [notice] 1#1: worker process 36 exited with code 0
2022/05/31 10:31:27 [notice] 1#1: exit
2022/05/31 10:31:28 [notice] 1#1: using the "epoll" event method
2022/05/31 10:31:28 [notice] 1#1: nginx/1.20.2
2022/05/31 10:31:28 [notice] 1#1: built by gcc 10.2.1 20210110 (Debian 10.2.1-6) 
2022/05/31 10:31:28 [notice] 1#1: OS: Linux 5.10.102.1-microsoft-standard-WSL2
2022/05/31 10:31:28 [notice] 1#1: getrlimit(RLIMIT_NOFILE): 1048576:1048576
2022/05/31 10:31:28 [notice] 1#1: start worker processes
2022/05/31 10:31:28 [notice] 1#1: start worker process 31
2022/05/31 10:31:28 [notice] 1#1: start worker process 32
2022/05/31 10:31:28 [notice] 1#1: start worker process 33
2022/05/31 10:31:28 [notice] 1#1: start worker process 34
2022/05/31 10:31:28 [notice] 1#1: start worker process 35
2022/05/31 10:31:28 [notice] 1#1: start worker process 36
2022/05/31 10:31:28 [notice] 1#1: start worker process 37
2022/05/31 10:31:28 [notice] 1#1: start worker process 38
2022/05/31 10:31:28 [notice] 1#1: start worker process 39
2022/05/31 10:31:28 [notice] 1#1: start worker process 40
2022/05/31 10:31:28 [notice] 1#1: start worker process 41
2022/05/31 10:31:28 [notice] 1#1: start worker process 42
2022/05/31 10:52:36 [notice] 1#1: signal 3 (SIGQUIT) received, shutting down
2022/05/31 10:52:36 [notice] 31#31: gracefully shutting down
2022/05/31 10:52:36 [notice] 41#41: gracefully shutting down
2022/05/31 10:52:36 [notice] 32#32: gracefully shutting down
2022/05/31 10:52:36 [notice] 33#33: gracefully shutting down
2022/05/31 10:52:36 [notice] 34#34: gracefully shutting down
2022/05/31 10:52:36 [notice] 35#35: gracefully shutting down
2022/05/31 10:52:36 [notice] 36#36: gracefully shutting down
2022/05/31 10:52:36 [notice] 37#37: gracefully shutting down
2022/05/31 10:52:36 [notice] 38#38: gracefully shutting down
2022/05/31 10:52:36 [notice] 39#39: gracefully shutting down
2022/05/31 10:52:36 [notice] 40#40: gracefully shutting down
2022/05/31 10:52:36 [notice] 31#31: exiting
2022/05/31 10:52:36 [notice] 42#42: gracefully shutting down
2022/05/31 10:52:36 [notice] 41#41: exiting
2022/05/31 10:52:36 [notice] 32#32: exiting
2022/05/31 10:52:36 [notice] 33#33: exiting
2022/05/31 10:52:36 [notice] 34#34: exiting
2022/05/31 10:52:36 [notice] 35#35: exiting
2022/05/31 10:52:36 [notice] 36#36: exiting
2022/05/31 10:52:36 [notice] 37#37: exiting
2022/05/31 10:52:36 [notice] 38#38: exiting
2022/05/31 10:52:36 [notice] 39#39: exiting
2022/05/31 10:52:36 [notice] 40#40: exiting
2022/05/31 10:52:36 [notice] 31#31: exit
2022/05/31 10:52:36 [notice] 42#42: exiting
2022/05/31 10:52:36 [notice] 41#41: exit
2022/05/31 10:52:36 [notice] 32#32: exit
2022/05/31 10:52:36 [notice] 33#33: exit
2022/05/31 10:52:36 [notice] 34#34: exit
2022/05/31 10:52:36 [notice] 35#35: exit
2022/05/31 10:52:36 [notice] 36#36: exit
2022/05/31 10:52:36 [notice] 37#37: exit
2022/05/31 10:52:36 [notice] 38#38: exit
2022/05/31 10:52:36 [notice] 39#39: exit
2022/05/31 10:52:36 [notice] 40#40: exit
2022/05/31 10:52:36 [notice] 42#42: exit
2022/05/31 10:52:37 [notice] 1#1: signal 17 (SIGCHLD) received from 39
2022/05/31 10:52:37 [notice] 1#1: worker process 32 exited with code 0
2022/05/31 10:52:37 [notice] 1#1: worker process 39 exited with code 0
2022/05/31 10:52:37 [notice] 1#1: signal 29 (SIGIO) received
2022/05/31 10:52:37 [notice] 1#1: signal 17 (SIGCHLD) received from 37
2022/05/31 10:52:37 [notice] 1#1: worker process 33 exited with code 0
2022/05/31 10:52:37 [notice] 1#1: worker process 34 exited with code 0
2022/05/31 10:52:37 [notice] 1#1: worker process 37 exited with code 0
2022/05/31 10:52:37 [notice] 1#1: worker process 38 exited with code 0
2022/05/31 10:52:37 [notice] 1#1: worker process 41 exited with code 0
2022/05/31 10:52:37 [notice] 1#1: worker process 42 exited with code 0
2022/05/31 10:52:37 [notice] 1#1: signal 29 (SIGIO) received
2022/05/31 10:52:37 [notice] 1#1: signal 17 (SIGCHLD) received from 42
2022/05/31 10:52:37 [notice] 1#1: signal 17 (SIGCHLD) received from 35
2022/05/31 10:52:37 [notice] 1#1: worker process 31 exited with code 0
2022/05/31 10:52:37 [notice] 1#1: worker process 35 exited with code 0
2022/05/31 10:52:37 [notice] 1#1: signal 29 (SIGIO) received
2022/05/31 10:52:37 [notice] 1#1: signal 17 (SIGCHLD) received from 31
2022/05/31 10:52:37 [notice] 1#1: signal 17 (SIGCHLD) received from 36
2022/05/31 10:52:37 [notice] 1#1: worker process 36 exited with code 0
2022/05/31 10:52:37 [notice] 1#1: worker process 40 exited with code 0
2022/05/31 10:52:37 [notice] 1#1: exit
2022/05/31 10:52:38 [notice] 1#1: using the "epoll" event method
2022/05/31 10:52:38 [notice] 1#1: nginx/1.20.2
2022/05/31 10:52:38 [notice] 1#1: built by gcc 10.2.1 20210110 (Debian 10.2.1-6) 
2022/05/31 10:52:38 [notice] 1#1: OS: Linux 5.10.102.1-microsoft-standard-WSL2
2022/05/31 10:52:38 [notice] 1#1: getrlimit(RLIMIT_NOFILE): 1048576:1048576
2022/05/31 10:52:38 [notice] 1#1: start worker processes
2022/05/31 10:52:38 [notice] 1#1: start worker process 31
2022/05/31 10:52:38 [notice] 1#1: start worker process 32
2022/05/31 10:52:38 [notice] 1#1: start worker process 33
2022/05/31 10:52:38 [notice] 1#1: start worker process 34
2022/05/31 10:52:38 [notice] 1#1: start worker process 35
2022/05/31 10:52:38 [notice] 1#1: start worker process 36
2022/05/31 10:52:38 [notice] 1#1: start worker process 37
2022/05/31 10:52:38 [notice] 1#1: start worker process 38
2022/05/31 10:52:38 [notice] 1#1: start worker process 39
2022/05/31 10:52:38 [notice] 1#1: start worker process 40
2022/05/31 10:52:38 [notice] 1#1: start worker process 41
2022/05/31 10:52:38 [notice] 1#1: start worker process 42
2022/05/31 11:05:57 [notice] 1#1: signal 3 (SIGQUIT) received, shutting down
2022/05/31 11:05:57 [notice] 31#31: gracefully shutting down
2022/05/31 11:05:57 [notice] 39#39: gracefully shutting down
2022/05/31 11:05:57 [notice] 33#33: gracefully shutting down
2022/05/31 11:05:57 [notice] 34#34: gracefully shutting down
2022/05/31 11:05:57 [notice] 32#32: gracefully shutting down
2022/05/31 11:05:57 [notice] 35#35: gracefully shutting down
2022/05/31 11:05:57 [notice] 36#36: gracefully shutting down
2022/05/31 11:05:57 [notice] 37#37: gracefully shutting down
2022/05/31 11:05:57 [notice] 38#38: gracefully shutting down
2022/05/31 11:05:57 [notice] 40#40: gracefully shutting down
2022/05/31 11:05:57 [notice] 41#41: gracefully shutting down
2022/05/31 11:05:57 [notice] 31#31: exiting
2022/05/31 11:05:57 [notice] 42#42: gracefully shutting down
2022/05/31 11:05:57 [notice] 39#39: exiting
2022/05/31 11:05:57 [notice] 33#33: exiting
2022/05/31 11:05:57 [notice] 34#34: exiting
2022/05/31 11:05:57 [notice] 32#32: exiting
2022/05/31 11:05:57 [notice] 35#35: exiting
2022/05/31 11:05:57 [notice] 36#36: exiting
2022/05/31 11:05:57 [notice] 37#37: exiting
2022/05/31 11:05:57 [notice] 38#38: exiting
2022/05/31 11:05:57 [notice] 40#40: exiting
2022/05/31 11:05:57 [notice] 41#41: exiting
2022/05/31 11:05:57 [notice] 31#31: exit
2022/05/31 11:05:57 [notice] 42#42: exiting
2022/05/31 11:05:57 [notice] 39#39: exit
2022/05/31 11:05:57 [notice] 33#33: exit
2022/05/31 11:05:57 [notice] 34#34: exit
2022/05/31 11:05:57 [notice] 32#32: exit
2022/05/31 11:05:57 [notice] 35#35: exit
2022/05/31 11:05:57 [notice] 36#36: exit
2022/05/31 11:05:57 [notice] 37#37: exit
2022/05/31 11:05:57 [notice] 38#38: exit
2022/05/31 11:05:57 [notice] 40#40: exit
2022/05/31 11:05:57 [notice] 41#41: exit
2022/05/31 11:05:57 [notice] 42#42: exit
2022/05/31 11:05:57 [notice] 1#1: signal 17 (SIGCHLD) received from 31
2022/05/31 11:05:57 [notice] 1#1: worker process 31 exited with code 0
2022/05/31 11:05:57 [notice] 1#1: worker process 37 exited with code 0
2022/05/31 11:05:57 [notice] 1#1: signal 29 (SIGIO) received
2022/05/31 11:05:57 [notice] 1#1: signal 17 (SIGCHLD) received from 37
2022/05/31 11:05:57 [notice] 1#1: signal 17 (SIGCHLD) received from 34
2022/05/31 11:05:57 [notice] 1#1: worker process 32 exited with code 0
2022/05/31 11:05:57 [notice] 1#1: worker process 34 exited with code 0
2022/05/31 11:05:57 [notice] 1#1: worker process 36 exited with code 0
2022/05/31 11:05:57 [notice] 1#1: worker process 38 exited with code 0
2022/05/31 11:05:57 [notice] 1#1: worker process 41 exited with code 0
2022/05/31 11:05:57 [notice] 1#1: signal 29 (SIGIO) received
2022/05/31 11:05:57 [notice] 1#1: signal 17 (SIGCHLD) received from 32
2022/05/31 11:05:57 [notice] 1#1: signal 17 (SIGCHLD) received from 42
2022/05/31 11:05:57 [notice] 1#1: worker process 33 exited with code 0
2022/05/31 11:05:57 [notice] 1#1: worker process 42 exited with code 0
2022/05/31 11:05:57 [notice] 1#1: signal 29 (SIGIO) received
2022/05/31 11:05:57 [notice] 1#1: signal 17 (SIGCHLD) received from 39
2022/05/31 11:05:57 [notice] 1#1: worker process 35 exited with code 0
2022/05/31 11:05:57 [notice] 1#1: worker process 39 exited with code 0
2022/05/31 11:05:57 [notice] 1#1: worker process 40 exited with code 0
2022/05/31 11:05:57 [notice] 1#1: exit
2022/05/31 11:05:58 [notice] 1#1: using the "epoll" event method
2022/05/31 11:05:58 [notice] 1#1: nginx/1.20.2
2022/05/31 11:05:58 [notice] 1#1: built by gcc 10.2.1 20210110 (Debian 10.2.1-6) 
2022/05/31 11:05:58 [notice] 1#1: OS: Linux 5.10.102.1-microsoft-standard-WSL2
2022/05/31 11:05:58 [notice] 1#1: getrlimit(RLIMIT_NOFILE): 1048576:1048576
2022/05/31 11:05:58 [notice] 1#1: start worker processes
2022/05/31 11:05:58 [notice] 1#1: start worker process 31
2022/05/31 11:05:58 [notice] 1#1: start worker process 32
2022/05/31 11:05:58 [notice] 1#1: start worker process 33
2022/05/31 11:05:58 [notice] 1#1: start worker process 34
2022/05/31 11:05:58 [notice] 1#1: start worker process 35
2022/05/31 11:05:58 [notice] 1#1: start worker process 36
2022/05/31 11:05:58 [notice] 1#1: start worker process 37
2022/05/31 11:05:58 [notice] 1#1: start worker process 38
2022/05/31 11:05:58 [notice] 1#1: start worker process 39
2022/05/31 11:05:58 [notice] 1#1: start worker process 40
2022/05/31 11:05:58 [notice] 1#1: start worker process 41
2022/05/31 11:05:58 [notice] 1#1: start worker process 42
2022/05/31 11:10:56 [notice] 1#1: signal 3 (SIGQUIT) received, shutting down
2022/05/31 11:10:56 [notice] 31#31: gracefully shutting down
2022/05/31 11:10:56 [notice] 40#40: gracefully shutting down
2022/05/31 11:10:56 [notice] 32#32: gracefully shutting down
2022/05/31 11:10:56 [notice] 33#33: gracefully shutting down
2022/05/31 11:10:56 [notice] 34#34: gracefully shutting down
2022/05/31 11:10:56 [notice] 35#35: gracefully shutting down
2022/05/31 11:10:56 [notice] 36#36: gracefully shutting down
2022/05/31 11:10:56 [notice] 37#37: gracefully shutting down
2022/05/31 11:10:56 [notice] 38#38: gracefully shutting down
2022/05/31 11:10:56 [notice] 39#39: gracefully shutting down
2022/05/31 11:10:56 [notice] 41#41: gracefully shutting down
2022/05/31 11:10:56 [notice] 31#31: exiting
2022/05/31 11:10:56 [notice] 42#42: gracefully shutting down
2022/05/31 11:10:56 [notice] 40#40: exiting
2022/05/31 11:10:56 [notice] 32#32: exiting
2022/05/31 11:10:56 [notice] 33#33: exiting
2022/05/31 11:10:56 [notice] 34#34: exiting
2022/05/31 11:10:56 [notice] 35#35: exiting
2022/05/31 11:10:56 [notice] 36#36: exiting
2022/05/31 11:10:56 [notice] 37#37: exiting
2022/05/31 11:10:56 [notice] 38#38: exiting
2022/05/31 11:10:56 [notice] 39#39: exiting
2022/05/31 11:10:56 [notice] 41#41: exiting
2022/05/31 11:10:56 [notice] 31#31: exit
2022/05/31 11:10:56 [notice] 42#42: exiting
2022/05/31 11:10:56 [notice] 40#40: exit
2022/05/31 11:10:56 [notice] 32#32: exit
2022/05/31 11:10:56 [notice] 33#33: exit
2022/05/31 11:10:56 [notice] 34#34: exit
2022/05/31 11:10:56 [notice] 35#35: exit
2022/05/31 11:10:56 [notice] 36#36: exit
2022/05/31 11:10:56 [notice] 37#37: exit
2022/05/31 11:10:56 [notice] 38#38: exit
2022/05/31 11:10:56 [notice] 39#39: exit
2022/05/31 11:10:56 [notice] 41#41: exit
2022/05/31 11:10:56 [notice] 42#42: exit
2022/05/31 11:10:56 [notice] 1#1: signal 17 (SIGCHLD) received from 42
2022/05/31 11:10:56 [notice] 1#1: worker process 33 exited with code 0
2022/05/31 11:10:56 [notice] 1#1: worker process 35 exited with code 0
2022/05/31 11:10:56 [notice] 1#1: worker process 42 exited with code 0
2022/05/31 11:10:56 [notice] 1#1: signal 29 (SIGIO) received
2022/05/31 11:10:56 [notice] 1#1: signal 17 (SIGCHLD) received from 36
2022/05/31 11:10:56 [notice] 1#1: worker process 31 exited with code 0
2022/05/31 11:10:56 [notice] 1#1: worker process 36 exited with code 0
2022/05/31 11:10:56 [notice] 1#1: signal 29 (SIGIO) received
2022/05/31 11:10:56 [notice] 1#1: signal 17 (SIGCHLD) received from 40
2022/05/31 11:10:56 [notice] 1#1: worker process 32 exited with code 0
2022/05/31 11:10:56 [notice] 1#1: worker process 37 exited with code 0
2022/05/31 11:10:56 [notice] 1#1: worker process 38 exited with code 0
2022/05/31 11:10:56 [notice] 1#1: worker process 39 exited with code 0
2022/05/31 11:10:56 [notice] 1#1: worker process 40 exited with code 0
2022/05/31 11:10:56 [notice] 1#1: worker process 41 exited with code 0
2022/05/31 11:10:56 [notice] 1#1: signal 29 (SIGIO) received
2022/05/31 11:10:56 [notice] 1#1: signal 17 (SIGCHLD) received from 32
2022/05/31 11:10:56 [notice] 1#1: signal 17 (SIGCHLD) received from 34
2022/05/31 11:10:56 [notice] 1#1: worker process 34 exited with code 0
2022/05/31 11:10:56 [notice] 1#1: exit
2022/05/31 12:04:17 [notice] 1#1: using the "epoll" event method
2022/05/31 12:04:17 [notice] 1#1: nginx/1.20.2
2022/05/31 12:04:17 [notice] 1#1: built by gcc 10.2.1 20210110 (Debian 10.2.1-6) 
2022/05/31 12:04:17 [notice] 1#1: OS: Linux 5.10.102.1-microsoft-standard-WSL2
2022/05/31 12:04:17 [notice] 1#1: getrlimit(RLIMIT_NOFILE): 1048576:1048576
2022/05/31 12:04:17 [notice] 1#1: start worker processes
2022/05/31 12:04:17 [notice] 1#1: start worker process 30
2022/05/31 12:04:17 [notice] 1#1: start worker process 31
2022/05/31 12:04:17 [notice] 1#1: start worker process 32
2022/05/31 12:04:17 [notice] 1#1: start worker process 33
2022/05/31 12:04:17 [notice] 1#1: start worker process 34
2022/05/31 12:04:17 [notice] 1#1: start worker process 35
2022/05/31 12:04:17 [notice] 1#1: start worker process 36
2022/05/31 12:04:17 [notice] 1#1: start worker process 37
2022/05/31 12:04:17 [notice] 1#1: start worker process 38
2022/05/31 12:04:17 [notice] 1#1: start worker process 39
2022/05/31 12:04:17 [notice] 1#1: start worker process 40
2022/05/31 12:04:17 [notice] 1#1: start worker process 41
2022/05/31 14:37:15 [notice] 1#1: signal 3 (SIGQUIT) received, shutting down
2022/05/31 14:37:15 [notice] 30#30: gracefully shutting down
2022/05/31 14:37:15 [notice] 40#40: gracefully shutting down
2022/05/31 14:37:15 [notice] 31#31: gracefully shutting down
2022/05/31 14:37:15 [notice] 32#32: gracefully shutting down
2022/05/31 14:37:15 [notice] 33#33: gracefully shutting down
2022/05/31 14:37:15 [notice] 34#34: gracefully shutting down
2022/05/31 14:37:15 [notice] 35#35: gracefully shutting down
2022/05/31 14:37:15 [notice] 36#36: gracefully shutting down
2022/05/31 14:37:15 [notice] 37#37: gracefully shutting down
2022/05/31 14:37:15 [notice] 38#38: gracefully shutting down
2022/05/31 14:37:15 [notice] 38#38: exiting
2022/05/31 14:37:15 [notice] 39#39: gracefully shutting down
2022/05/31 14:37:15 [notice] 30#30: exiting
2022/05/31 14:37:15 [notice] 41#41: gracefully shutting down
2022/05/31 14:37:15 [notice] 40#40: exiting
2022/05/31 14:37:15 [notice] 31#31: exiting
2022/05/31 14:37:15 [notice] 32#32: exiting
2022/05/31 14:37:15 [notice] 33#33: exiting
2022/05/31 14:37:15 [notice] 34#34: exiting
2022/05/31 14:37:15 [notice] 35#35: exiting
2022/05/31 14:37:15 [notice] 36#36: exiting
2022/05/31 14:37:15 [notice] 37#37: exiting
2022/05/31 14:37:15 [notice] 38#38: exit
2022/05/31 14:37:15 [notice] 39#39: exiting
2022/05/31 14:37:15 [notice] 30#30: exit
2022/05/31 14:37:15 [notice] 41#41: exiting
2022/05/31 14:37:15 [notice] 40#40: exit
2022/05/31 14:37:15 [notice] 31#31: exit
2022/05/31 14:37:15 [notice] 32#32: exit
2022/05/31 14:37:15 [notice] 33#33: exit
2022/05/31 14:37:15 [notice] 34#34: exit
2022/05/31 14:37:15 [notice] 35#35: exit
2022/05/31 14:37:15 [notice] 36#36: exit
2022/05/31 14:37:15 [notice] 37#37: exit
2022/05/31 14:37:15 [notice] 39#39: exit
2022/05/31 14:37:15 [notice] 41#41: exit
2022/05/31 14:37:15 [notice] 1#1: signal 17 (SIGCHLD) received from 38
2022/05/31 14:37:15 [notice] 1#1: worker process 32 exited with code 0
2022/05/31 14:37:15 [notice] 1#1: worker process 34 exited with code 0
2022/05/31 14:37:15 [notice] 1#1: worker process 35 exited with code 0
2022/05/31 14:37:15 [notice] 1#1: worker process 36 exited with code 0
2022/05/31 14:37:15 [notice] 1#1: worker process 38 exited with code 0
2022/05/31 14:37:15 [notice] 1#1: worker process 39 exited with code 0
2022/05/31 14:37:15 [notice] 1#1: worker process 41 exited with code 0
2022/05/31 14:37:15 [notice] 1#1: signal 29 (SIGIO) received
2022/05/31 14:37:15 [notice] 1#1: signal 17 (SIGCHLD) received from 36
2022/05/31 14:37:15 [notice] 1#1: signal 17 (SIGCHLD) received from 40
2022/05/31 14:37:15 [notice] 1#1: worker process 31 exited with code 0
2022/05/31 14:37:15 [notice] 1#1: worker process 33 exited with code 0
2022/05/31 14:37:15 [notice] 1#1: worker process 37 exited with code 0
2022/05/31 14:37:15 [notice] 1#1: worker process 40 exited with code 0
2022/05/31 14:37:15 [notice] 1#1: signal 29 (SIGIO) received
2022/05/31 14:37:15 [notice] 1#1: signal 17 (SIGCHLD) received from 30
2022/05/31 14:37:15 [notice] 1#1: worker process 30 exited with code 0
2022/05/31 14:37:15 [notice] 1#1: exit
2022/05/31 14:46:03 [notice] 1#1: using the "epoll" event method
2022/05/31 14:46:03 [notice] 1#1: nginx/1.20.2
2022/05/31 14:46:03 [notice] 1#1: built by gcc 10.2.1 20210110 (Debian 10.2.1-6) 
2022/05/31 14:46:03 [notice] 1#1: OS: Linux 5.10.102.1-microsoft-standard-WSL2
2022/05/31 14:46:03 [notice] 1#1: getrlimit(RLIMIT_NOFILE): 1048576:1048576
2022/05/31 14:46:03 [notice] 1#1: start worker processes
2022/05/31 14:46:03 [notice] 1#1: start worker process 31
2022/05/31 14:46:03 [notice] 1#1: start worker process 32
2022/05/31 14:46:03 [notice] 1#1: start worker process 33
2022/05/31 14:46:03 [notice] 1#1: start worker process 34
2022/05/31 14:46:03 [notice] 1#1: start worker process 35
2022/05/31 14:46:03 [notice] 1#1: start worker process 36
2022/05/31 14:46:03 [notice] 1#1: start worker process 37
2022/05/31 14:46:03 [notice] 1#1: start worker process 38
2022/05/31 14:46:03 [notice] 1#1: start worker process 39
2022/05/31 14:46:03 [notice] 1#1: start worker process 40
2022/05/31 14:46:03 [notice] 1#1: start worker process 41
2022/05/31 14:46:03 [notice] 1#1: start worker process 42
2022/06/01 05:18:00 [notice] 1#1: using the "epoll" event method
2022/06/01 05:18:00 [notice] 1#1: nginx/1.20.2
2022/06/01 05:18:00 [notice] 1#1: built by gcc 10.2.1 20210110 (Debian 10.2.1-6) 
2022/06/01 05:18:00 [notice] 1#1: OS: Linux 5.10.102.1-microsoft-standard-WSL2
2022/06/01 05:18:00 [notice] 1#1: getrlimit(RLIMIT_NOFILE): 1048576:1048576
2022/06/01 05:18:00 [notice] 1#1: start worker processes
2022/06/01 05:18:00 [notice] 1#1: start worker process 30
2022/06/01 05:18:00 [notice] 1#1: start worker process 31
2022/06/01 05:18:00 [notice] 1#1: start worker process 32
2022/06/01 05:18:00 [notice] 1#1: start worker process 33
2022/06/01 05:18:00 [notice] 1#1: start worker process 34
2022/06/01 05:18:00 [notice] 1#1: start worker process 35
2022/06/01 05:18:00 [notice] 1#1: start worker process 36
2022/06/01 05:18:00 [notice] 1#1: start worker process 37
2022/06/01 05:18:00 [notice] 1#1: start worker process 38
2022/06/01 05:18:00 [notice] 1#1: start worker process 39
2022/06/01 05:18:00 [notice] 1#1: start worker process 40
2022/06/01 05:18:00 [notice] 1#1: start worker process 41
2022/06/01 14:49:36 [notice] 1#1: signal 3 (SIGQUIT) received, shutting down
2022/06/01 14:49:36 [notice] 40#40: gracefully shutting down
2022/06/01 14:49:36 [notice] 37#37: gracefully shutting down
2022/06/01 14:49:36 [notice] 36#36: gracefully shutting down
2022/06/01 14:49:36 [notice] 31#31: gracefully shutting down
2022/06/01 14:49:36 [notice] 32#32: gracefully shutting down
2022/06/01 14:49:36 [notice] 30#30: gracefully shutting down
2022/06/01 14:49:36 [notice] 38#38: gracefully shutting down
2022/06/01 14:49:37 [notice] 34#34: gracefully shutting down
2022/06/01 14:49:37 [notice] 34#34: exiting
2022/06/01 14:49:36 [notice] 37#37: exiting
2022/06/01 14:49:36 [notice] 40#40: exiting
2022/06/01 14:49:36 [notice] 39#39: gracefully shutting down
2022/06/01 14:49:36 [notice] 35#35: gracefully shutting down
2022/06/01 14:49:37 [notice] 41#41: gracefully shutting down
2022/06/01 14:49:36 [notice] 33#33: gracefully shutting down
2022/06/01 14:49:36 [notice] 36#36: exiting
2022/06/01 14:49:36 [notice] 31#31: exiting
2022/06/01 14:49:36 [notice] 32#32: exiting
2022/06/01 14:49:36 [notice] 38#38: exiting
2022/06/01 14:49:36 [notice] 39#39: exiting
2022/06/01 14:49:37 [notice] 41#41: exiting
2022/06/01 14:49:36 [notice] 39#39: exit
2022/06/01 14:49:37 [notice] 41#41: exit
2022/06/01 14:49:36 [notice] 31#31: exit
2022/06/01 14:49:36 [notice] 37#37: exit
2022/06/01 14:49:36 [notice] 38#38: exit
2022/06/01 14:49:36 [notice] 36#36: exit
2022/06/01 14:49:36 [notice] 40#40: exit
2022/06/01 14:49:36 [notice] 32#32: exit
2022/06/01 14:49:37 [notice] 34#34: exit
2022/06/01 14:49:36 [notice] 35#35: exiting
2022/06/01 14:49:36 [notice] 30#30: exiting
2022/06/01 14:49:36 [notice] 35#35: exit
2022/06/01 14:49:36 [notice] 33#33: exiting
2022/06/01 14:49:36 [notice] 30#30: exit
2022/06/01 14:49:36 [notice] 33#33: exit
2022/06/01 14:49:38 [notice] 1#1: signal 17 (SIGCHLD) received from 33
2022/06/01 14:49:38 [notice] 1#1: worker process 33 exited with code 0
2022/06/01 14:49:38 [notice] 1#1: worker process 30 exited with code 0
2022/06/01 14:49:38 [notice] 1#1: worker process 34 exited with code 0
2022/06/01 14:49:38 [notice] 1#1: worker process 39 exited with code 0
2022/06/01 14:49:38 [notice] 1#1: worker process 38 exited with code 0
2022/06/01 14:49:39 [notice] 1#1: signal 29 (SIGIO) received
2022/06/01 14:49:39 [notice] 1#1: signal 17 (SIGCHLD) received from 34
2022/06/01 14:49:39 [notice] 1#1: worker process 35 exited with code 0
2022/06/01 14:49:39 [notice] 1#1: worker process 40 exited with code 0
2022/06/01 14:49:39 [notice] 1#1: worker process 41 exited with code 0
2022/06/01 14:49:39 [notice] 1#1: signal 29 (SIGIO) received
2022/06/01 14:49:39 [notice] 1#1: signal 17 (SIGCHLD) received from 37
2022/06/01 14:49:39 [notice] 1#1: worker process 37 exited with code 0
2022/06/01 14:49:39 [notice] 1#1: signal 29 (SIGIO) received
2022/06/01 14:49:39 [notice] 1#1: signal 17 (SIGCHLD) received from 31
2022/06/01 14:49:39 [notice] 1#1: worker process 31 exited with code 0
2022/06/01 14:49:39 [notice] 1#1: signal 29 (SIGIO) received
2022/06/01 14:49:39 [notice] 1#1: signal 17 (SIGCHLD) received from 36
2022/06/01 14:49:39 [notice] 1#1: worker process 32 exited with code 0
2022/06/01 14:49:39 [notice] 1#1: worker process 36 exited with code 0
2022/06/01 14:49:39 [notice] 1#1: exit
2022/06/01 14:53:45 [notice] 1#1: using the "epoll" event method
2022/06/01 14:53:45 [notice] 1#1: nginx/1.20.2
2022/06/01 14:53:45 [notice] 1#1: built by gcc 10.2.1 20210110 (Debian 10.2.1-6) 
2022/06/01 14:53:45 [notice] 1#1: OS: Linux 5.10.102.1-microsoft-standard-WSL2
2022/06/01 14:53:45 [notice] 1#1: getrlimit(RLIMIT_NOFILE): 1048576:1048576
2022/06/01 14:53:45 [notice] 1#1: start worker processes
2022/06/01 14:53:45 [notice] 1#1: start worker process 30
2022/06/01 14:53:45 [notice] 1#1: start worker process 31
2022/06/01 14:53:45 [notice] 1#1: start worker process 32
2022/06/01 14:53:45 [notice] 1#1: start worker process 33
2022/06/01 14:53:45 [notice] 1#1: start worker process 34
2022/06/01 14:53:45 [notice] 1#1: start worker process 35
2022/06/01 14:53:45 [notice] 1#1: start worker process 36
2022/06/01 14:53:45 [notice] 1#1: start worker process 37
2022/06/01 14:53:45 [notice] 1#1: start worker process 38
2022/06/01 14:53:45 [notice] 1#1: start worker process 39
2022/06/01 14:53:45 [notice] 1#1: start worker process 40
2022/06/01 14:53:45 [notice] 1#1: start worker process 41
2022/06/02 01:45:43 [notice] 1#1: using the "epoll" event method
2022/06/02 01:45:43 [notice] 1#1: nginx/1.20.2
2022/06/02 01:45:43 [notice] 1#1: built by gcc 10.2.1 20210110 (Debian 10.2.1-6) 
2022/06/02 01:45:43 [notice] 1#1: OS: Linux 5.10.102.1-microsoft-standard-WSL2
2022/06/02 01:45:43 [notice] 1#1: getrlimit(RLIMIT_NOFILE): 1048576:1048576
2022/06/02 01:45:43 [notice] 1#1: start worker processes
2022/06/02 01:45:43 [notice] 1#1: start worker process 30
2022/06/02 01:45:43 [notice] 1#1: start worker process 31
2022/06/02 01:45:43 [notice] 1#1: start worker process 32
2022/06/02 01:45:43 [notice] 1#1: start worker process 33
2022/06/02 01:45:43 [notice] 1#1: start worker process 34
2022/06/02 01:45:43 [notice] 1#1: start worker process 35
2022/06/02 01:45:43 [notice] 1#1: start worker process 36
2022/06/02 01:45:43 [notice] 1#1: start worker process 37
2022/06/02 01:45:43 [notice] 1#1: start worker process 38
2022/06/02 01:45:43 [notice] 1#1: start worker process 39
2022/06/02 01:45:43 [notice] 1#1: start worker process 40
2022/06/02 01:45:43 [notice] 1#1: start worker process 41
2022/06/02 01:52:03 [notice] 1#1: signal 3 (SIGQUIT) received, shutting down
2022/06/02 01:52:03 [notice] 30#30: gracefully shutting down
2022/06/02 01:52:03 [notice] 40#40: gracefully shutting down
2022/06/02 01:52:03 [notice] 31#31: gracefully shutting down
2022/06/02 01:52:03 [notice] 33#33: gracefully shutting down
2022/06/02 01:52:03 [notice] 32#32: gracefully shutting down
2022/06/02 01:52:03 [notice] 35#35: gracefully shutting down
2022/06/02 01:52:03 [notice] 34#34: gracefully shutting down
2022/06/02 01:52:03 [notice] 36#36: gracefully shutting down
2022/06/02 01:52:03 [notice] 37#37: gracefully shutting down
2022/06/02 01:52:03 [notice] 38#38: gracefully shutting down
2022/06/02 01:52:03 [notice] 39#39: gracefully shutting down
2022/06/02 01:52:03 [notice] 41#41: gracefully shutting down
2022/06/02 01:52:03 [notice] 30#30: exiting
2022/06/02 01:52:03 [notice] 40#40: exiting
2022/06/02 01:52:03 [notice] 31#31: exiting
2022/06/02 01:52:03 [notice] 33#33: exiting
2022/06/02 01:52:03 [notice] 32#32: exiting
2022/06/02 01:52:03 [notice] 35#35: exiting
2022/06/02 01:52:03 [notice] 34#34: exiting
2022/06/02 01:52:03 [notice] 36#36: exiting
2022/06/02 01:52:03 [notice] 37#37: exiting
2022/06/02 01:52:03 [notice] 38#38: exiting
2022/06/02 01:52:03 [notice] 39#39: exiting
2022/06/02 01:52:03 [notice] 41#41: exiting
2022/06/02 01:52:03 [notice] 30#30: exit
2022/06/02 01:52:03 [notice] 40#40: exit
2022/06/02 01:52:03 [notice] 31#31: exit
2022/06/02 01:52:03 [notice] 33#33: exit
2022/06/02 01:52:03 [notice] 32#32: exit
2022/06/02 01:52:03 [notice] 35#35: exit
2022/06/02 01:52:03 [notice] 34#34: exit
2022/06/02 01:52:03 [notice] 36#36: exit
2022/06/02 01:52:03 [notice] 37#37: exit
2022/06/02 01:52:03 [notice] 38#38: exit
2022/06/02 01:52:03 [notice] 39#39: exit
2022/06/02 01:52:03 [notice] 41#41: exit
2022/06/02 01:52:03 [notice] 1#1: signal 17 (SIGCHLD) received from 30
2022/06/02 01:52:03 [notice] 1#1: worker process 30 exited with code 0
2022/06/02 01:52:03 [notice] 1#1: worker process 33 exited with code 0
2022/06/02 01:52:03 [notice] 1#1: worker process 37 exited with code 0
2022/06/02 01:52:03 [notice] 1#1: signal 29 (SIGIO) received
2022/06/02 01:52:03 [notice] 1#1: signal 17 (SIGCHLD) received from 31
2022/06/02 01:52:03 [notice] 1#1: worker process 31 exited with code 0
2022/06/02 01:52:03 [notice] 1#1: worker process 41 exited with code 0
2022/06/02 01:52:03 [notice] 1#1: signal 29 (SIGIO) received
2022/06/02 01:52:03 [notice] 1#1: signal 17 (SIGCHLD) received from 39
2022/06/02 01:52:03 [notice] 1#1: worker process 34 exited with code 0
2022/06/02 01:52:03 [notice] 1#1: worker process 35 exited with code 0
2022/06/02 01:52:03 [notice] 1#1: worker process 39 exited with code 0
2022/06/02 01:52:03 [notice] 1#1: signal 29 (SIGIO) received
2022/06/02 01:52:03 [notice] 1#1: signal 17 (SIGCHLD) received from 38
2022/06/02 01:52:03 [notice] 1#1: worker process 38 exited with code 0
2022/06/02 01:52:03 [notice] 1#1: signal 29 (SIGIO) received
2022/06/02 01:52:03 [notice] 1#1: signal 17 (SIGCHLD) received from 40
2022/06/02 01:52:03 [notice] 1#1: worker process 36 exited with code 0
2022/06/02 01:52:03 [notice] 1#1: worker process 40 exited with code 0
2022/06/02 01:52:03 [notice] 1#1: signal 29 (SIGIO) received
2022/06/02 01:52:03 [notice] 1#1: signal 17 (SIGCHLD) received from 32
2022/06/02 01:52:03 [notice] 1#1: worker process 32 exited with code 0
2022/06/02 01:52:03 [notice] 1#1: exit
2022/06/02 02:04:52 [notice] 1#1: using the "epoll" event method
2022/06/02 02:04:52 [notice] 1#1: nginx/1.20.2
2022/06/02 02:04:52 [notice] 1#1: built by gcc 10.2.1 20210110 (Debian 10.2.1-6) 
2022/06/02 02:04:52 [notice] 1#1: OS: Linux 5.10.102.1-microsoft-standard-WSL2
2022/06/02 02:04:52 [notice] 1#1: getrlimit(RLIMIT_NOFILE): 1048576:1048576
2022/06/02 02:04:52 [notice] 1#1: start worker processes
2022/06/02 02:04:52 [notice] 1#1: start worker process 31
2022/06/02 02:04:52 [notice] 1#1: start worker process 32
2022/06/02 02:04:52 [notice] 1#1: start worker process 33
2022/06/02 02:04:52 [notice] 1#1: start worker process 34
2022/06/02 02:04:52 [notice] 1#1: start worker process 35
2022/06/02 02:04:52 [notice] 1#1: start worker process 36
2022/06/02 02:04:52 [notice] 1#1: start worker process 37
2022/06/02 02:04:52 [notice] 1#1: start worker process 38
2022/06/02 02:04:52 [notice] 1#1: start worker process 39
2022/06/02 02:04:52 [notice] 1#1: start worker process 40
2022/06/02 02:04:52 [notice] 1#1: start worker process 41
2022/06/02 02:04:52 [notice] 1#1: start worker process 42
2022/06/05 14:58:43 [notice] 1#1: using the "epoll" event method
2022/06/05 14:58:43 [notice] 1#1: nginx/1.20.2
2022/06/05 14:58:43 [notice] 1#1: built by gcc 10.2.1 20210110 (Debian 10.2.1-6) 
2022/06/05 14:58:43 [notice] 1#1: OS: Linux 5.10.102.1-microsoft-standard-WSL2
2022/06/05 14:58:43 [notice] 1#1: getrlimit(RLIMIT_NOFILE): 1048576:1048576
2022/06/05 14:58:43 [notice] 1#1: start worker processes
2022/06/05 14:58:43 [notice] 1#1: start worker process 31
2022/06/05 14:58:43 [notice] 1#1: start worker process 32
2022/06/05 14:58:43 [notice] 1#1: start worker process 33
2022/06/05 14:58:43 [notice] 1#1: start worker process 34
2022/06/05 14:58:43 [notice] 1#1: start worker process 35
2022/06/05 14:58:43 [notice] 1#1: start worker process 36
2022/06/05 14:58:43 [notice] 1#1: start worker process 37
2022/06/05 14:58:43 [notice] 1#1: start worker process 38
2022/06/05 14:58:43 [notice] 1#1: start worker process 39
2022/06/05 14:58:43 [notice] 1#1: start worker process 40
2022/06/05 14:58:43 [notice] 1#1: start worker process 41
2022/06/05 14:58:43 [notice] 1#1: start worker process 42
2022/06/06 06:53:42 [notice] 1#1: using the "epoll" event method
2022/06/06 06:53:42 [notice] 1#1: nginx/1.20.2
2022/06/06 06:53:42 [notice] 1#1: built by gcc 10.2.1 20210110 (Debian 10.2.1-6) 
2022/06/06 06:53:42 [notice] 1#1: OS: Linux 5.10.102.1-microsoft-standard-WSL2
2022/06/06 06:53:42 [notice] 1#1: getrlimit(RLIMIT_NOFILE): 1048576:1048576
2022/06/06 06:53:42 [notice] 1#1: start worker processes
2022/06/06 06:53:42 [notice] 1#1: start worker process 30
2022/06/06 06:53:42 [notice] 1#1: start worker process 31
2022/06/06 06:53:42 [notice] 1#1: start worker process 32
2022/06/06 06:53:42 [notice] 1#1: start worker process 33
2022/06/06 06:53:42 [notice] 1#1: start worker process 34
2022/06/06 06:53:42 [notice] 1#1: start worker process 35
2022/06/06 06:53:42 [notice] 1#1: start worker process 36
2022/06/06 06:53:42 [notice] 1#1: start worker process 37
2022/06/06 06:53:42 [notice] 1#1: start worker process 38
2022/06/06 06:53:42 [notice] 1#1: start worker process 39
2022/06/06 06:53:42 [notice] 1#1: start worker process 40
2022/06/06 06:53:42 [notice] 1#1: start worker process 41
2022/06/06 13:15:51 [notice] 1#1: using the "epoll" event method
2022/06/06 13:15:51 [notice] 1#1: nginx/1.20.2
2022/06/06 13:15:51 [notice] 1#1: built by gcc 10.2.1 20210110 (Debian 10.2.1-6) 
2022/06/06 13:15:51 [notice] 1#1: OS: Linux 5.10.102.1-microsoft-standard-WSL2
2022/06/06 13:15:51 [notice] 1#1: getrlimit(RLIMIT_NOFILE): 1048576:1048576
2022/06/06 13:15:51 [notice] 1#1: start worker processes
2022/06/06 13:15:51 [notice] 1#1: start worker process 31
2022/06/06 13:15:51 [notice] 1#1: start worker process 32
2022/06/06 13:15:51 [notice] 1#1: start worker process 33
2022/06/06 13:15:51 [notice] 1#1: start worker process 34
2022/06/06 13:15:51 [notice] 1#1: start worker process 35
2022/06/06 13:15:51 [notice] 1#1: start worker process 36
2022/06/06 13:15:51 [notice] 1#1: start worker process 37
2022/06/06 13:15:51 [notice] 1#1: start worker process 38
2022/06/06 13:15:51 [notice] 1#1: start worker process 39
2022/06/06 13:15:51 [notice] 1#1: start worker process 40
2022/06/06 13:15:51 [notice] 1#1: start worker process 41
2022/06/06 13:15:51 [notice] 1#1: start worker process 42
2022/06/07 03:35:28 [notice] 1#1: using the "epoll" event method
2022/06/07 03:35:28 [notice] 1#1: nginx/1.20.2
2022/06/07 03:35:28 [notice] 1#1: built by gcc 10.2.1 20210110 (Debian 10.2.1-6) 
2022/06/07 03:35:28 [notice] 1#1: OS: Linux 5.10.102.1-microsoft-standard-WSL2
2022/06/07 03:35:28 [notice] 1#1: getrlimit(RLIMIT_NOFILE): 1048576:1048576
2022/06/07 03:35:28 [notice] 1#1: start worker processes
2022/06/07 03:35:28 [notice] 1#1: start worker process 30
2022/06/07 03:35:28 [notice] 1#1: start worker process 31
2022/06/07 03:35:28 [notice] 1#1: start worker process 32
2022/06/07 03:35:28 [notice] 1#1: start worker process 33
2022/06/07 03:35:28 [notice] 1#1: start worker process 34
2022/06/07 03:35:28 [notice] 1#1: start worker process 35
2022/06/07 03:35:28 [notice] 1#1: start worker process 36
2022/06/07 03:35:28 [notice] 1#1: start worker process 37
2022/06/07 03:35:28 [notice] 1#1: start worker process 38
2022/06/07 03:35:28 [notice] 1#1: start worker process 39
2022/06/07 03:35:28 [notice] 1#1: start worker process 40
2022/06/07 03:35:28 [notice] 1#1: start worker process 41
2022/06/08 03:18:21 [notice] 1#1: using the "epoll" event method
2022/06/08 03:18:21 [notice] 1#1: nginx/1.20.2
2022/06/08 03:18:21 [notice] 1#1: built by gcc 10.2.1 20210110 (Debian 10.2.1-6) 
2022/06/08 03:18:21 [notice] 1#1: OS: Linux 5.10.102.1-microsoft-standard-WSL2
2022/06/08 03:18:21 [notice] 1#1: getrlimit(RLIMIT_NOFILE): 1048576:1048576
2022/06/08 03:18:21 [notice] 1#1: start worker processes
2022/06/08 03:18:21 [notice] 1#1: start worker process 30
2022/06/08 03:18:21 [notice] 1#1: start worker process 31
2022/06/08 03:18:21 [notice] 1#1: start worker process 32
2022/06/08 03:18:21 [notice] 1#1: start worker process 33
2022/06/08 03:18:21 [notice] 1#1: start worker process 34
2022/06/08 03:18:21 [notice] 1#1: start worker process 35
2022/06/08 03:18:21 [notice] 1#1: start worker process 36
2022/06/08 03:18:21 [notice] 1#1: start worker process 37
2022/06/08 03:18:21 [notice] 1#1: start worker process 38
2022/06/08 03:18:21 [notice] 1#1: start worker process 39
2022/06/08 03:18:21 [notice] 1#1: start worker process 40
2022/06/08 03:18:21 [notice] 1#1: start worker process 41
2022/06/09 08:24:01 [notice] 1#1: using the "epoll" event method
2022/06/09 08:24:01 [notice] 1#1: nginx/1.20.2
2022/06/09 08:24:01 [notice] 1#1: built by gcc 10.2.1 20210110 (Debian 10.2.1-6) 
2022/06/09 08:24:01 [notice] 1#1: OS: Linux 5.10.102.1-microsoft-standard-WSL2
2022/06/09 08:24:01 [notice] 1#1: getrlimit(RLIMIT_NOFILE): 1048576:1048576
2022/06/09 08:24:01 [notice] 1#1: start worker processes
2022/06/09 08:24:01 [notice] 1#1: start worker process 30
2022/06/09 08:24:01 [notice] 1#1: start worker process 31
2022/06/09 08:24:01 [notice] 1#1: start worker process 32
2022/06/09 08:24:01 [notice] 1#1: start worker process 33
2022/06/09 08:24:01 [notice] 1#1: start worker process 34
2022/06/09 08:24:01 [notice] 1#1: start worker process 35
2022/06/09 08:24:01 [notice] 1#1: start worker process 36
2022/06/09 08:24:01 [notice] 1#1: start worker process 37
2022/06/09 08:24:01 [notice] 1#1: start worker process 38
2022/06/09 08:24:01 [notice] 1#1: start worker process 39
2022/06/09 08:24:01 [notice] 1#1: start worker process 40
2022/06/09 08:24:01 [notice] 1#1: start worker process 41
2022/06/10 03:38:58 [notice] 1#1: using the "epoll" event method
2022/06/10 03:38:58 [notice] 1#1: nginx/1.20.2
2022/06/10 03:38:58 [notice] 1#1: built by gcc 10.2.1 20210110 (Debian 10.2.1-6) 
2022/06/10 03:38:58 [notice] 1#1: OS: Linux 5.10.102.1-microsoft-standard-WSL2
2022/06/10 03:38:58 [notice] 1#1: getrlimit(RLIMIT_NOFILE): 1048576:1048576
2022/06/10 03:38:58 [notice] 1#1: start worker processes
2022/06/10 03:38:58 [notice] 1#1: start worker process 31
2022/06/10 03:38:58 [notice] 1#1: start worker process 32
2022/06/10 03:38:58 [notice] 1#1: start worker process 33
2022/06/10 03:38:58 [notice] 1#1: start worker process 34
2022/06/10 03:38:58 [notice] 1#1: start worker process 35
2022/06/10 03:38:58 [notice] 1#1: start worker process 36
2022/06/10 03:38:58 [notice] 1#1: start worker process 37
2022/06/10 03:38:58 [notice] 1#1: start worker process 38
2022/06/10 03:38:58 [notice] 1#1: start worker process 39
2022/06/10 03:38:58 [notice] 1#1: start worker process 40
2022/06/10 03:38:58 [notice] 1#1: start worker process 41
2022/06/10 03:38:58 [notice] 1#1: start worker process 42
2022/06/10 07:42:24 [notice] 1#1: signal 3 (SIGQUIT) received, shutting down
2022/06/10 07:42:24 [notice] 31#31: gracefully shutting down
2022/06/10 07:42:24 [notice] 38#38: gracefully shutting down
2022/06/10 07:42:24 [notice] 32#32: gracefully shutting down
2022/06/10 07:42:24 [notice] 36#36: gracefully shutting down
2022/06/10 07:42:24 [notice] 33#33: gracefully shutting down
2022/06/10 07:42:24 [notice] 34#34: gracefully shutting down
2022/06/10 07:42:24 [notice] 38#38: exiting
2022/06/10 07:42:24 [notice] 35#35: gracefully shutting down
2022/06/10 07:42:24 [notice] 36#36: exiting
2022/06/10 07:42:24 [notice] 37#37: gracefully shutting down
2022/06/10 07:42:24 [notice] 39#39: gracefully shutting down
2022/06/10 07:42:24 [notice] 40#40: gracefully shutting down
2022/06/10 07:42:24 [notice] 41#41: gracefully shutting down
2022/06/10 07:42:24 [notice] 42#42: gracefully shutting down
2022/06/10 07:42:24 [notice] 31#31: exiting
2022/06/10 07:42:24 [notice] 32#32: exiting
2022/06/10 07:42:24 [notice] 33#33: exiting
2022/06/10 07:42:24 [notice] 34#34: exiting
2022/06/10 07:42:24 [notice] 35#35: exiting
2022/06/10 07:42:24 [notice] 33#33: exit
2022/06/10 07:42:24 [notice] 38#38: exit
2022/06/10 07:42:24 [notice] 36#36: exit
2022/06/10 07:42:24 [notice] 37#37: exiting
2022/06/10 07:42:24 [notice] 39#39: exiting
2022/06/10 07:42:24 [notice] 31#31: exit
2022/06/10 07:42:24 [notice] 37#37: exit
2022/06/10 07:42:24 [notice] 40#40: exiting
2022/06/10 07:42:24 [notice] 41#41: exiting
2022/06/10 07:42:24 [notice] 34#34: exit
2022/06/10 07:42:24 [notice] 32#32: exit
2022/06/10 07:42:24 [notice] 35#35: exit
2022/06/10 07:42:24 [notice] 42#42: exiting
2022/06/10 07:42:24 [notice] 39#39: exit
2022/06/10 07:42:24 [notice] 41#41: exit
2022/06/10 07:42:24 [notice] 40#40: exit
2022/06/10 07:42:24 [notice] 42#42: exit
2022/06/10 07:42:24 [notice] 1#1: signal 17 (SIGCHLD) received from 36
2022/06/10 07:42:24 [notice] 1#1: worker process 36 exited with code 0
2022/06/10 07:42:24 [notice] 1#1: signal 29 (SIGIO) received
2022/06/10 07:42:24 [notice] 1#1: signal 17 (SIGCHLD) received from 39
2022/06/10 07:42:24 [notice] 1#1: worker process 37 exited with code 0
2022/06/10 07:42:24 [notice] 1#1: worker process 32 exited with code 0
2022/06/10 07:42:24 [notice] 1#1: worker process 38 exited with code 0
2022/06/10 07:42:24 [notice] 1#1: worker process 39 exited with code 0
2022/06/10 07:42:24 [notice] 1#1: worker process 40 exited with code 0
2022/06/10 07:42:24 [notice] 1#1: worker process 41 exited with code 0
2022/06/10 07:42:24 [notice] 1#1: signal 29 (SIGIO) received
2022/06/10 07:42:24 [notice] 1#1: signal 17 (SIGCHLD) received from 41
2022/06/10 07:42:24 [notice] 1#1: signal 17 (SIGCHLD) received from 31
2022/06/10 07:42:24 [notice] 1#1: worker process 31 exited with code 0
2022/06/10 07:42:24 [notice] 1#1: signal 29 (SIGIO) received
2022/06/10 07:42:24 [notice] 1#1: signal 17 (SIGCHLD) received from 34
2022/06/10 07:42:24 [notice] 1#1: worker process 34 exited with code 0
2022/06/10 07:42:24 [notice] 1#1: signal 29 (SIGIO) received
2022/06/10 07:42:24 [notice] 1#1: signal 17 (SIGCHLD) received from 33
2022/06/10 07:42:24 [notice] 1#1: worker process 33 exited with code 0
2022/06/10 07:42:24 [notice] 1#1: worker process 42 exited with code 0
2022/06/10 07:42:24 [notice] 1#1: signal 29 (SIGIO) received
2022/06/10 07:42:24 [notice] 1#1: signal 17 (SIGCHLD) received from 42
2022/06/10 07:42:24 [notice] 1#1: signal 17 (SIGCHLD) received from 35
2022/06/10 07:42:24 [notice] 1#1: worker process 35 exited with code 0
2022/06/10 07:42:24 [notice] 1#1: exit
2022/06/14 11:29:51 [notice] 1#1: using the "epoll" event method
2022/06/14 11:29:51 [notice] 1#1: nginx/1.20.2
2022/06/14 11:29:51 [notice] 1#1: built by gcc 10.2.1 20210110 (Debian 10.2.1-6) 
2022/06/14 11:29:51 [notice] 1#1: OS: Linux 5.10.102.1-microsoft-standard-WSL2
2022/06/14 11:29:51 [notice] 1#1: getrlimit(RLIMIT_NOFILE): 1048576:1048576
2022/06/14 11:29:51 [notice] 1#1: start worker processes
2022/06/14 11:29:51 [notice] 1#1: start worker process 30
2022/06/14 11:29:51 [notice] 1#1: start worker process 31
2022/06/14 11:29:51 [notice] 1#1: start worker process 32
2022/06/14 11:29:51 [notice] 1#1: start worker process 33
2022/06/14 11:29:51 [notice] 1#1: start worker process 34
2022/06/14 11:29:51 [notice] 1#1: start worker process 35
2022/06/14 11:29:51 [notice] 1#1: start worker process 36
2022/06/14 11:29:51 [notice] 1#1: start worker process 37
2022/06/14 11:29:51 [notice] 1#1: start worker process 38
2022/06/14 11:29:51 [notice] 1#1: start worker process 39
2022/06/14 11:29:51 [notice] 1#1: start worker process 40
2022/06/14 11:29:51 [notice] 1#1: start worker process 41
2022/06/15 02:19:35 [notice] 1#1: using the "epoll" event method
2022/06/15 02:19:35 [notice] 1#1: nginx/1.20.2
2022/06/15 02:19:35 [notice] 1#1: built by gcc 10.2.1 20210110 (Debian 10.2.1-6) 
2022/06/15 02:19:35 [notice] 1#1: OS: Linux 5.10.102.1-microsoft-standard-WSL2
2022/06/15 02:19:35 [notice] 1#1: getrlimit(RLIMIT_NOFILE): 1048576:1048576
2022/06/15 02:19:35 [notice] 1#1: start worker processes
2022/06/15 02:19:35 [notice] 1#1: start worker process 31
2022/06/15 02:19:35 [notice] 1#1: start worker process 32
2022/06/15 02:19:35 [notice] 1#1: start worker process 33
2022/06/15 02:19:35 [notice] 1#1: start worker process 34
2022/06/15 02:19:35 [notice] 1#1: start worker process 35
2022/06/15 02:19:35 [notice] 1#1: start worker process 36
2022/06/15 02:19:35 [notice] 1#1: start worker process 37
2022/06/15 02:19:35 [notice] 1#1: start worker process 38
2022/06/15 02:19:35 [notice] 1#1: start worker process 39
2022/06/15 02:19:35 [notice] 1#1: start worker process 40
2022/06/15 02:19:35 [notice] 1#1: start worker process 41
2022/06/15 02:19:35 [notice] 1#1: start worker process 42
2022/06/16 08:03:52 [notice] 1#1: using the "epoll" event method
2022/06/16 08:03:52 [notice] 1#1: nginx/1.20.2
2022/06/16 08:03:52 [notice] 1#1: built by gcc 10.2.1 20210110 (Debian 10.2.1-6) 
2022/06/16 08:03:52 [notice] 1#1: OS: Linux 5.10.102.1-microsoft-standard-WSL2
2022/06/16 08:03:52 [notice] 1#1: getrlimit(RLIMIT_NOFILE): 1048576:1048576
2022/06/16 08:03:52 [notice] 1#1: start worker processes
2022/06/16 08:03:52 [notice] 1#1: start worker process 30
2022/06/16 08:03:52 [notice] 1#1: start worker process 31
2022/06/16 08:03:52 [notice] 1#1: start worker process 32
2022/06/16 08:03:52 [notice] 1#1: start worker process 33
2022/06/16 08:03:52 [notice] 1#1: start worker process 34
2022/06/16 08:03:52 [notice] 1#1: start worker process 35
2022/06/16 08:03:52 [notice] 1#1: start worker process 36
2022/06/16 08:03:52 [notice] 1#1: start worker process 37
2022/06/16 08:03:52 [notice] 1#1: start worker process 38
2022/06/16 08:03:52 [notice] 1#1: start worker process 39
2022/06/16 08:03:52 [notice] 1#1: start worker process 40
2022/06/16 08:03:52 [notice] 1#1: start worker process 41
2022/06/17 06:11:47 [notice] 1#1: using the "epoll" event method
2022/06/17 06:11:47 [notice] 1#1: nginx/1.20.2
2022/06/17 06:11:47 [notice] 1#1: built by gcc 10.2.1 20210110 (Debian 10.2.1-6) 
2022/06/17 06:11:47 [notice] 1#1: OS: Linux 5.10.102.1-microsoft-standard-WSL2
2022/06/17 06:11:47 [notice] 1#1: getrlimit(RLIMIT_NOFILE): 1048576:1048576
2022/06/17 06:11:47 [notice] 1#1: start worker processes
2022/06/17 06:11:47 [notice] 1#1: start worker process 30
2022/06/17 06:11:47 [notice] 1#1: start worker process 31
2022/06/17 06:11:47 [notice] 1#1: start worker process 32
2022/06/17 06:11:47 [notice] 1#1: start worker process 33
2022/06/17 06:11:47 [notice] 1#1: start worker process 34
2022/06/17 06:11:47 [notice] 1#1: start worker process 35
2022/06/17 06:11:47 [notice] 1#1: start worker process 36
2022/06/17 06:11:47 [notice] 1#1: start worker process 37
2022/06/17 06:11:47 [notice] 1#1: start worker process 38
2022/06/17 06:11:47 [notice] 1#1: start worker process 39
2022/06/17 06:11:47 [notice] 1#1: start worker process 40
2022/06/17 06:11:47 [notice] 1#1: start worker process 41
2022/06/18 02:51:16 [notice] 1#1: using the "epoll" event method
2022/06/18 02:51:16 [notice] 1#1: nginx/1.20.2
2022/06/18 02:51:16 [notice] 1#1: built by gcc 10.2.1 20210110 (Debian 10.2.1-6) 
2022/06/18 02:51:16 [notice] 1#1: OS: Linux 5.10.102.1-microsoft-standard-WSL2
2022/06/18 02:51:16 [notice] 1#1: getrlimit(RLIMIT_NOFILE): 1048576:1048576
2022/06/18 02:51:16 [notice] 1#1: start worker processes
2022/06/18 02:51:16 [notice] 1#1: start worker process 31
2022/06/18 02:51:16 [notice] 1#1: start worker process 32
2022/06/18 02:51:16 [notice] 1#1: start worker process 33
2022/06/18 02:51:16 [notice] 1#1: start worker process 34
2022/06/18 02:51:16 [notice] 1#1: start worker process 35
2022/06/18 02:51:16 [notice] 1#1: start worker process 36
2022/06/18 02:51:16 [notice] 1#1: start worker process 37
2022/06/18 02:51:16 [notice] 1#1: start worker process 38
2022/06/18 02:51:16 [notice] 1#1: start worker process 39
2022/06/18 02:51:16 [notice] 1#1: start worker process 40
2022/06/18 02:51:16 [notice] 1#1: start worker process 41
2022/06/18 02:51:16 [notice] 1#1: start worker process 42
2022/06/19 05:04:19 [notice] 1#1: using the "epoll" event method
2022/06/19 05:04:19 [notice] 1#1: nginx/1.20.2
2022/06/19 05:04:19 [notice] 1#1: built by gcc 10.2.1 20210110 (Debian 10.2.1-6) 
2022/06/19 05:04:19 [notice] 1#1: OS: Linux 5.10.102.1-microsoft-standard-WSL2
2022/06/19 05:04:19 [notice] 1#1: getrlimit(RLIMIT_NOFILE): 1048576:1048576
2022/06/19 05:04:19 [notice] 1#1: start worker processes
2022/06/19 05:04:19 [notice] 1#1: start worker process 30
2022/06/19 05:04:19 [notice] 1#1: start worker process 31
2022/06/19 05:04:19 [notice] 1#1: start worker process 32
2022/06/19 05:04:19 [notice] 1#1: start worker process 33
2022/06/19 05:04:19 [notice] 1#1: start worker process 34
2022/06/19 05:04:19 [notice] 1#1: start worker process 35
2022/06/19 05:04:19 [notice] 1#1: start worker process 36
2022/06/19 05:04:19 [notice] 1#1: start worker process 37
2022/06/19 05:04:19 [notice] 1#1: start worker process 38
2022/06/19 05:04:19 [notice] 1#1: start worker process 39
2022/06/19 05:04:19 [notice] 1#1: start worker process 40
2022/06/19 05:04:19 [notice] 1#1: start worker process 41
2022/06/19 15:07:49 [notice] 1#1: using the "epoll" event method
2022/06/19 15:07:49 [notice] 1#1: nginx/1.20.2
2022/06/19 15:07:49 [notice] 1#1: built by gcc 10.2.1 20210110 (Debian 10.2.1-6) 
2022/06/19 15:07:49 [notice] 1#1: OS: Linux 5.10.102.1-microsoft-standard-WSL2
2022/06/19 15:07:49 [notice] 1#1: getrlimit(RLIMIT_NOFILE): 1048576:1048576
2022/06/19 15:07:49 [notice] 1#1: start worker processes
2022/06/19 15:07:49 [notice] 1#1: start worker process 30
2022/06/19 15:07:49 [notice] 1#1: start worker process 31
2022/06/19 15:07:49 [notice] 1#1: start worker process 32
2022/06/19 15:07:49 [notice] 1#1: start worker process 33
2022/06/19 15:07:49 [notice] 1#1: start worker process 34
2022/06/19 15:07:49 [notice] 1#1: start worker process 35
2022/06/19 15:07:49 [notice] 1#1: start worker process 36
2022/06/19 15:07:49 [notice] 1#1: start worker process 37
2022/06/19 15:07:49 [notice] 1#1: start worker process 38
2022/06/19 15:07:49 [notice] 1#1: start worker process 39
2022/06/19 15:07:49 [notice] 1#1: start worker process 40
2022/06/19 15:07:49 [notice] 1#1: start worker process 41
2022/06/20 03:03:35 [notice] 1#1: using the "epoll" event method
2022/06/20 03:03:35 [notice] 1#1: nginx/1.20.2
2022/06/20 03:03:35 [notice] 1#1: built by gcc 10.2.1 20210110 (Debian 10.2.1-6) 
2022/06/20 03:03:35 [notice] 1#1: OS: Linux 5.10.102.1-microsoft-standard-WSL2
2022/06/20 03:03:35 [notice] 1#1: getrlimit(RLIMIT_NOFILE): 1048576:1048576
2022/06/20 03:03:35 [notice] 1#1: start worker processes
2022/06/20 03:03:35 [notice] 1#1: start worker process 30
2022/06/20 03:03:35 [notice] 1#1: start worker process 31
2022/06/20 03:03:35 [notice] 1#1: start worker process 32
2022/06/20 03:03:35 [notice] 1#1: start worker process 33
2022/06/20 03:03:35 [notice] 1#1: start worker process 34
2022/06/20 03:03:35 [notice] 1#1: start worker process 35
2022/06/20 03:03:35 [notice] 1#1: start worker process 36
2022/06/20 03:03:35 [notice] 1#1: start worker process 37
2022/06/20 03:03:35 [notice] 1#1: start worker process 38
2022/06/20 03:03:35 [notice] 1#1: start worker process 39
2022/06/20 03:03:35 [notice] 1#1: start worker process 40
2022/06/20 03:03:35 [notice] 1#1: start worker process 41
2022/06/21 07:43:33 [notice] 1#1: using the "epoll" event method
2022/06/21 07:43:33 [notice] 1#1: nginx/1.20.2
2022/06/21 07:43:33 [notice] 1#1: built by gcc 10.2.1 20210110 (Debian 10.2.1-6) 
2022/06/21 07:43:33 [notice] 1#1: OS: Linux 5.10.102.1-microsoft-standard-WSL2
2022/06/21 07:43:33 [notice] 1#1: getrlimit(RLIMIT_NOFILE): 1048576:1048576
2022/06/21 07:43:33 [notice] 1#1: start worker processes
2022/06/21 07:43:33 [notice] 1#1: start worker process 30
2022/06/21 07:43:33 [notice] 1#1: start worker process 31
2022/06/21 07:43:33 [notice] 1#1: start worker process 32
2022/06/21 07:43:33 [notice] 1#1: start worker process 33
2022/06/21 07:43:33 [notice] 1#1: start worker process 34
2022/06/21 07:43:33 [notice] 1#1: start worker process 35
2022/06/21 07:43:33 [notice] 1#1: start worker process 36
2022/06/21 07:43:33 [notice] 1#1: start worker process 37
2022/06/21 07:43:33 [notice] 1#1: start worker process 38
2022/06/21 07:43:33 [notice] 1#1: start worker process 39
2022/06/21 07:43:33 [notice] 1#1: start worker process 40
2022/06/21 07:43:33 [notice] 1#1: start worker process 41
2022/06/22 03:21:03 [notice] 1#1: using the "epoll" event method
2022/06/22 03:21:03 [notice] 1#1: nginx/1.20.2
2022/06/22 03:21:03 [notice] 1#1: built by gcc 10.2.1 20210110 (Debian 10.2.1-6) 
2022/06/22 03:21:03 [notice] 1#1: OS: Linux 5.10.102.1-microsoft-standard-WSL2
2022/06/22 03:21:03 [notice] 1#1: getrlimit(RLIMIT_NOFILE): 1048576:1048576
2022/06/22 03:21:03 [notice] 1#1: start worker processes
2022/06/22 03:21:03 [notice] 1#1: start worker process 31
2022/06/22 03:21:03 [notice] 1#1: start worker process 32
2022/06/22 03:21:03 [notice] 1#1: start worker process 33
2022/06/22 03:21:03 [notice] 1#1: start worker process 34
2022/06/22 03:21:03 [notice] 1#1: start worker process 35
2022/06/22 03:21:03 [notice] 1#1: start worker process 36
2022/06/22 03:21:03 [notice] 1#1: start worker process 37
2022/06/22 03:21:03 [notice] 1#1: start worker process 38
2022/06/22 03:21:03 [notice] 1#1: start worker process 39
2022/06/22 03:21:03 [notice] 1#1: start worker process 40
2022/06/22 03:21:03 [notice] 1#1: start worker process 41
2022/06/22 03:21:03 [notice] 1#1: start worker process 42
